IQ-TREE multicore version 2.2.5 COVID-edition for Linux 64-bit built Sep 15 2023
Developed by Bui Quang Minh, James Barbetti, Nguyen Lam Tung,
Olga Chernomor, Heiko Schmidt, Dominik Schrempf, Michael Woodhams, Ly Trong Nhan.

Host:    1703-R-22lc11 (AVX512, FMA3, 503 GB RAM)
Command: iqtree -s singlescp_trimal.out -nt AUTO -B 1000 --prefix all_amf
Seed:    849837 (Using SPRNG - Scalable Parallel Random Number Generator)
Time:    Fri Nov  3 02:50:35 2023
Kernel:  AVX+FMA - auto-detect threads (16 CPU cores detected)

Reading alignment file singlescp_trimal.out ... Phylip format detected
Alignment most likely contains protein sequences
Constructing alignment: done in 0.0485974 secs using 82.59% CPU
Alignment has 37 sequences with 60555 columns, 37256 distinct patterns
33671 parsimony-informative, 4034 singleton sites, 22850 constant sites
WARNING: Some sequence names are changed as follows:
jgi|Gigro1|2026791|fgenesh1_pg.11_#_44 -> jgi|Gigro1|2026791|fgenesh1_pg.11___44
jgi|Rhidi1|703555|fgenesh1_kg.224_#_29_#_TRINITY_GG_7328_c14_g1_i1 -> jgi|Rhidi1|703555|fgenesh1_kg.224___29___TRINITY_GG_7328_c14_g1_i1

                                                                    Gap/Ambiguity  Composition  p-value
Analyzing sequences: done in 0.00699943 secs using 99.97% CPU
   1  10aS2FUN_000035-T1                                                    0.94%    passed     17.91%
   2  11cS3FUN_016668-T1                                                    1.59%    failed      0.01%
   3  13cS5FUN_004591-T1                                                    0.69%    failed      0.00%
   4  16aS7FUN_004202-T1                                                    1.96%    passed     97.15%
   5  5cS5FUN_017207-T1                                                     2.16%    passed     91.67%
   6  6aS6FUN_014332-T1                                                     6.96%    failed      0.00%
   7  7bS7FUN_010846-T1                                                     2.58%    failed      0.00%
   8  9dS1FUN_001764-T1                                                     1.42%    failed      0.00%
   9  Depiga|RHZ86198.1                                                     0.47%    failed      0.00%
  10  FUN_005739-T1                                                         1.23%    failed      0.00%
  11  agerde|7885_t                                                         1.58%    failed      0.00%
  12  alepto|3351_t                                                         2.14%    failed      0.09%
  13  amorro|2180_t                                                         6.25%    failed      0.78%
  14  ccandik|835_t                                                         3.52%    failed      0.00%
  15  ccandi|866_t                                                          3.06%    failed      0.00%
  16  cclaro|13728_t                                                        3.24%    failed      0.00%
  17  cpellu|24754_t                                                        2.64%    passed     74.70%
  18  deburn|2938_t                                                         4.38%    failed      0.00%
  19  deryth|32406_t                                                        4.15%    passed     93.13%
  20  fcaled|8946_t                                                         2.83%    passed     97.45%
  21  fmosse|9028_t                                                         4.04%    passed     99.65%
  22  gmarga|43533_t                                                        2.67%    passed     94.13%
  23  jgi|Geopyr1|14821|FUN_014995-T1                                       1.10%    failed      0.00%
  24  jgi|Gigmar1|6518|rna-F8M41_005910                                     0.38%    passed     98.79%
  25  jgi|Gigro1|2026791|fgenesh1_pg.11___44                                1.48%    passed     95.77%
  26  jgi|Rhice1_1|715502|estExt_Genewise1.C_4730026                        0.87%    passed     95.25%
  27  jgi|Rhicl1|5173|transcript_GBB85029                                   0.47%    passed     64.27%
  28  jgi|Rhidi1|703555|fgenesh1_kg.224___29___TRINITY_GG_7328_c14_g1_i1    0.84%    passed     91.88%
  29  jgi|Rhiir2_1|1766952|gm1.5838_g                                       0.47%    passed     81.76%
  30  jgi|RhiirA1_1|535199|estExt_Genemark1.C_4230016                       0.08%    passed     79.71%
  31  jgi|RhiirA4|494936|MIX1578_535_99                                     0.30%    passed     82.25%
  32  jgi|RhiirA5|393535|estExt_fgenesh1_pg.C_80016                         0.27%    passed     83.96%
  33  jgi|RhiirB3|480667|MIX4282_50_30                                      0.39%    passed     83.48%
  34  jgi|RhiirC2|768392|gm1.969_g                                          0.18%    passed     73.06%
  35  pbrasi|2183_t                                                         1.02%    failed      0.00%
  36  poculu|7233_t                                                         4.21%    failed      0.00%
  37  rirreg|17867_t                                                        1.77%    passed     89.06%
****  TOTAL                                                                 2.01%  17 sequences failed composition chi2 test (p-value<5%; df=19)
Checking for duplicate sequences: done in 0.00738441 secs using 99.99% CPU


Create initial parsimony tree by phylogenetic likelihood library (PLL)... 0.203 seconds
Measuring multi-threading efficiency up to 16 CPU cores
4 trees examined
Threads: 1 / Time: 17.347 sec / Speedup: 1.000 / Efficiency: 100% / LogL: -1722939
Threads: 2 / Time: 10.337 sec / Speedup: 1.678 / Efficiency: 84% / LogL: -1722939
Threads: 3 / Time: 7.344 sec / Speedup: 2.362 / Efficiency: 79% / LogL: -1722939
Threads: 4 / Time: 5.246 sec / Speedup: 3.307 / Efficiency: 83% / LogL: -1722939
Threads: 5 / Time: 4.345 sec / Speedup: 3.992 / Efficiency: 80% / LogL: -1722939
Threads: 6 / Time: 3.527 sec / Speedup: 4.919 / Efficiency: 82% / LogL: -1722939
Threads: 7 / Time: 3.249 sec / Speedup: 5.340 / Efficiency: 76% / LogL: -1722939
Threads: 8 / Time: 2.761 sec / Speedup: 6.283 / Efficiency: 79% / LogL: -1722939
Threads: 9 / Time: 2.799 sec / Speedup: 6.198 / Efficiency: 69% / LogL: -1722939
Threads: 10 / Time: 2.567 sec / Speedup: 6.759 / Efficiency: 68% / LogL: -1722939
Threads: 11 / Time: 2.649 sec / Speedup: 6.549 / Efficiency: 60% / LogL: -1722939
Threads: 12 / Time: 2.557 sec / Speedup: 6.785 / Efficiency: 57% / LogL: -1722939
Threads: 13 / Time: 2.511 sec / Speedup: 6.908 / Efficiency: 53% / LogL: -1722939
Threads: 14 / Time: 2.369 sec / Speedup: 7.323 / Efficiency: 52% / LogL: -1722939
Threads: 15 / Time: 2.266 sec / Speedup: 7.654 / Efficiency: 51% / LogL: -1722939
Threads: 16 / Time: 2.205 sec / Speedup: 7.869 / Efficiency: 49% / LogL: -1722939
Determining AUTO threadcount: done in 74.5011 secs using 537.9% CPU
BEST NUMBER OF THREADS: 14

Perform fast likelihood tree search using LG+I+G model...
Estimate model parameters (epsilon = 5.000)
Perform nearest neighbor interchange...
Optimizing NNI: done in 2.97465 secs using 1393% CPU
Estimate model parameters (epsilon = 1.000)
1. Initial log-likelihood: -913204.251
Optimal log-likelihood: -913204.099
Proportion of invariable sites: 0.187
Gamma shape alpha: 0.954
Parameters optimization took 1 rounds (1.656 sec)
Time for fast ML tree search: 11.135 seconds

NOTE: ModelFinder requires 2273 MB RAM!
ModelFinder will test up to 1232 protein models (sample size: 60555) ...
 No. Model         -LnL         df  AIC          AICc         BIC
  1  LG            953587.977   71  1907317.955  1907318.124  1907957.757
  2  LG+I          926120.337   72  1852384.673  1852384.847  1853033.487
  3  LG+G4         913612.403   72  1827368.807  1827368.980  1828017.621
  4  LG+I+G4       913203.812   73  1826553.624  1826553.803  1827211.450
  5  LG+R2         916197.918   73  1832541.837  1832542.015  1833199.662
  6  LG+R3         913046.252   75  1826242.504  1826242.692  1826918.352
