Building DAG of jobs...
Using shell: /usr/bin/bash
Provided cores: 16
Rules claiming more threads will be scaled down.
Job stats:
job                count
---------------  -------
all                    1
move_iqtree_run        1
total                  2

Select jobs to execute...

[Fri Nov  3 15:48:42 2023]
rule move_iqtree_run:
    input: all_amf.iqtree
    output: iqtree
    jobid: 1
    reason: Missing output files: iqtree
    resources: tmpdir=/tmp

[Fri Nov  3 15:48:42 2023]
Error in rule move_iqtree_run:
    jobid: 1
    input: all_amf.iqtree
    output: iqtree
    shell:
        mv all_amf* iqtree
        (one of the commands exited with non-zero exit code; note that snakemake uses bash strict mode!)

Shutting down, this might take some time.
Exiting because a job execution failed. Look above for error message
Complete log: .snakemake/log/2023-11-03T154842.293345.snakemake.log
