Building DAG of jobs...
Using shell: /usr/bin/bash
Provided cores: 10
Rules claiming more threads will be scaled down.
Job stats:
job            count
-----------  -------
all                1
cat_align          1
mafft_align      151
total            153

Select jobs to execute...

[Fri Nov  3 02:20:37 2023]
rule mafft_align:
    input: Single_Copy_Orthologue_Sequences/OG0006084.fa
    output: mafft_aligned/OG0006084.alignment
    jobid: 67
    reason: Missing output files: mafft_aligned/OG0006084.alignment
    wildcards: sample=OG0006084
    threads: 10
    resources: tmpdir=/tmp

[Fri Nov  3 02:20:39 2023]
Finished job 67.
1 of 153 steps (1%) done
Select jobs to execute...

[Fri Nov  3 02:20:39 2023]
rule mafft_align:
    input: Single_Copy_Orthologue_Sequences/OG0006251.fa
    output: mafft_aligned/OG0006251.alignment
    jobid: 127
    reason: Missing output files: mafft_aligned/OG0006251.alignment
    wildcards: sample=OG0006251
    threads: 10
    resources: tmpdir=/tmp

[Fri Nov  3 02:20:39 2023]
Finished job 127.
2 of 153 steps (1%) done
Select jobs to execute...

[Fri Nov  3 02:20:40 2023]
rule mafft_align:
    input: Single_Copy_Orthologue_Sequences/OG0005935.fa
    output: mafft_aligned/OG0005935.alignment
    jobid: 7
    reason: Missing output files: mafft_aligned/OG0005935.alignment
    wildcards: sample=OG0005935
    threads: 10
    resources: tmpdir=/tmp

[Fri Nov  3 02:20:40 2023]
Finished job 7.
3 of 153 steps (2%) done
Select jobs to execute...

[Fri Nov  3 02:20:40 2023]
rule mafft_align:
    input: Single_Copy_Orthologue_Sequences/OG0006102.fa
    output: mafft_aligned/OG0006102.alignment
    jobid: 72
    reason: Missing output files: mafft_aligned/OG0006102.alignment
    wildcards: sample=OG0006102
    threads: 10
    resources: tmpdir=/tmp

[Fri Nov  3 02:20:41 2023]
Finished job 72.
4 of 153 steps (3%) done
Select jobs to execute...

[Fri Nov  3 02:20:41 2023]
rule mafft_align:
    input: Single_Copy_Orthologue_Sequences/OG0006033.fa
    output: mafft_aligned/OG0006033.alignment
    jobid: 43
    reason: Missing output files: mafft_aligned/OG0006033.alignment
    wildcards: sample=OG0006033
    threads: 10
    resources: tmpdir=/tmp

[Fri Nov  3 02:20:41 2023]
Finished job 43.
5 of 153 steps (3%) done
Select jobs to execute...

[Fri Nov  3 02:20:41 2023]
rule mafft_align:
    input: Single_Copy_Orthologue_Sequences/OG0005949.fa
    output: mafft_aligned/OG0005949.alignment
    jobid: 10
    reason: Missing output files: mafft_aligned/OG0005949.alignment
    wildcards: sample=OG0005949
    threads: 10
    resources: tmpdir=/tmp

[Fri Nov  3 02:20:49 2023]
Finished job 10.
6 of 153 steps (4%) done
Select jobs to execute...

[Fri Nov  3 02:20:49 2023]
rule mafft_align:
    input: Single_Copy_Orthologue_Sequences/OG0006114.fa
    output: mafft_aligned/OG0006114.alignment
    jobid: 76
    reason: Missing output files: mafft_aligned/OG0006114.alignment
    wildcards: sample=OG0006114
    threads: 10
    resources: tmpdir=/tmp

[Fri Nov  3 02:20:50 2023]
Finished job 76.
7 of 153 steps (5%) done
Select jobs to execute...

[Fri Nov  3 02:20:50 2023]
rule mafft_align:
    input: Single_Copy_Orthologue_Sequences/OG0006037.fa
    output: mafft_aligned/OG0006037.alignment
    jobid: 44
    reason: Missing output files: mafft_aligned/OG0006037.alignment
    wildcards: sample=OG0006037
    threads: 10
    resources: tmpdir=/tmp

[Fri Nov  3 02:20:50 2023]
Finished job 44.
8 of 153 steps (5%) done
Select jobs to execute...

[Fri Nov  3 02:20:50 2023]
rule mafft_align:
    input: Single_Copy_Orthologue_Sequences/OG0006187.fa
    output: mafft_aligned/OG0006187.alignment
    jobid: 104
    reason: Missing output files: mafft_aligned/OG0006187.alignment
    wildcards: sample=OG0006187
    threads: 10
    resources: tmpdir=/tmp

[Fri Nov  3 02:20:51 2023]
Finished job 104.
9 of 153 steps (6%) done
Select jobs to execute...

[Fri Nov  3 02:20:51 2023]
rule mafft_align:
    input: Single_Copy_Orthologue_Sequences/OG0006115.fa
    output: mafft_aligned/OG0006115.alignment
    jobid: 77
    reason: Missing output files: mafft_aligned/OG0006115.alignment
    wildcards: sample=OG0006115
    threads: 10
    resources: tmpdir=/tmp

[Fri Nov  3 02:20:51 2023]
Finished job 77.
10 of 153 steps (7%) done
Select jobs to execute...

[Fri Nov  3 02:20:51 2023]
rule mafft_align:
    input: Single_Copy_Orthologue_Sequences/OG0006270.fa
    output: mafft_aligned/OG0006270.alignment
    jobid: 133
    reason: Missing output files: mafft_aligned/OG0006270.alignment
    wildcards: sample=OG0006270
    threads: 10
    resources: tmpdir=/tmp

[Fri Nov  3 02:20:51 2023]
Finished job 133.
11 of 153 steps (7%) done
Select jobs to execute...

[Fri Nov  3 02:20:51 2023]
rule mafft_align:
    input: Single_Copy_Orthologue_Sequences/OG0006189.fa
    output: mafft_aligned/OG0006189.alignment
    jobid: 105
    reason: Missing output files: mafft_aligned/OG0006189.alignment
    wildcards: sample=OG0006189
    threads: 10
    resources: tmpdir=/tmp

[Fri Nov  3 02:20:52 2023]
Finished job 105.
12 of 153 steps (8%) done
Select jobs to execute...

[Fri Nov  3 02:20:52 2023]
rule mafft_align:
    input: Single_Copy_Orthologue_Sequences/OG0006109.fa
    output: mafft_aligned/OG0006109.alignment
    jobid: 73
    reason: Missing output files: mafft_aligned/OG0006109.alignment
    wildcards: sample=OG0006109
    threads: 10
    resources: tmpdir=/tmp

[Fri Nov  3 02:20:52 2023]
Finished job 73.
13 of 153 steps (8%) done
Select jobs to execute...

[Fri Nov  3 02:20:52 2023]
rule mafft_align:
    input: Single_Copy_Orthologue_Sequences/OG0006118.fa
    output: mafft_aligned/OG0006118.alignment
    jobid: 78
    reason: Missing output files: mafft_aligned/OG0006118.alignment
    wildcards: sample=OG0006118
    threads: 10
    resources: tmpdir=/tmp

[Fri Nov  3 02:20:53 2023]
Finished job 78.
14 of 153 steps (9%) done
Select jobs to execute...

[Fri Nov  3 02:20:53 2023]
rule mafft_align:
    input: Single_Copy_Orthologue_Sequences/OG0006277.fa
    output: mafft_aligned/OG0006277.alignment
    jobid: 134
    reason: Missing output files: mafft_aligned/OG0006277.alignment
    wildcards: sample=OG0006277
    threads: 10
    resources: tmpdir=/tmp

[Fri Nov  3 02:20:53 2023]
Finished job 134.
15 of 153 steps (10%) done
Select jobs to execute...

[Fri Nov  3 02:20:53 2023]
rule mafft_align:
    input: Single_Copy_Orthologue_Sequences/OG0006191.fa
    output: mafft_aligned/OG0006191.alignment
    jobid: 106
    reason: Missing output files: mafft_aligned/OG0006191.alignment
    wildcards: sample=OG0006191
    threads: 10
    resources: tmpdir=/tmp

[Fri Nov  3 02:20:54 2023]
Finished job 106.
16 of 153 steps (10%) done
Select jobs to execute...

[Fri Nov  3 02:20:54 2023]
rule mafft_align:
    input: Single_Copy_Orthologue_Sequences/OG0006261.fa
    output: mafft_aligned/OG0006261.alignment
    jobid: 131
    reason: Missing output files: mafft_aligned/OG0006261.alignment
    wildcards: sample=OG0006261
    threads: 10
    resources: tmpdir=/tmp

[Fri Nov  3 02:20:54 2023]
Finished job 131.
17 of 153 steps (11%) done
Select jobs to execute...

[Fri Nov  3 02:20:54 2023]
rule mafft_align:
    input: Single_Copy_Orthologue_Sequences/OG0006186.fa
    output: mafft_aligned/OG0006186.alignment
    jobid: 103
    reason: Missing output files: mafft_aligned/OG0006186.alignment
    wildcards: sample=OG0006186
    threads: 10
    resources: tmpdir=/tmp

[Fri Nov  3 02:20:55 2023]
Finished job 103.
18 of 153 steps (12%) done
Select jobs to execute...

[Fri Nov  3 02:20:55 2023]
rule mafft_align:
    input: Single_Copy_Orthologue_Sequences/OG0006249.fa
    output: mafft_aligned/OG0006249.alignment
    jobid: 126
    reason: Missing output files: mafft_aligned/OG0006249.alignment
    wildcards: sample=OG0006249
    threads: 10
    resources: tmpdir=/tmp

[Fri Nov  3 02:20:56 2023]
Finished job 126.
19 of 153 steps (12%) done
Select jobs to execute...

[Fri Nov  3 02:20:56 2023]
rule mafft_align:
    input: Single_Copy_Orthologue_Sequences/OG0006026.fa
    output: mafft_aligned/OG0006026.alignment
    jobid: 39
    reason: Missing output files: mafft_aligned/OG0006026.alignment
    wildcards: sample=OG0006026
    threads: 10
    resources: tmpdir=/tmp

[Fri Nov  3 02:20:56 2023]
Finished job 39.
20 of 153 steps (13%) done
Select jobs to execute...

[Fri Nov  3 02:20:56 2023]
rule mafft_align:
    input: Single_Copy_Orthologue_Sequences/OG0006171.fa
    output: mafft_aligned/OG0006171.alignment
    jobid: 99
    reason: Missing output files: mafft_aligned/OG0006171.alignment
    wildcards: sample=OG0006171
    threads: 10
    resources: tmpdir=/tmp

[Fri Nov  3 02:20:57 2023]
Finished job 99.
21 of 153 steps (14%) done
Select jobs to execute...

[Fri Nov  3 02:20:57 2023]
rule mafft_align:
    input: Single_Copy_Orthologue_Sequences/OG0005957.fa
    output: mafft_aligned/OG0005957.alignment
    jobid: 14
    reason: Missing output files: mafft_aligned/OG0005957.alignment
    wildcards: sample=OG0005957
    threads: 10
    resources: tmpdir=/tmp

[Fri Nov  3 02:21:02 2023]
Finished job 14.
22 of 153 steps (14%) done
Select jobs to execute...

[Fri Nov  3 02:21:02 2023]
rule mafft_align:
    input: Single_Copy_Orthologue_Sequences/OG0006255.fa
    output: mafft_aligned/OG0006255.alignment
    jobid: 128
    reason: Missing output files: mafft_aligned/OG0006255.alignment
    wildcards: sample=OG0006255
    threads: 10
    resources: tmpdir=/tmp

[Fri Nov  3 02:21:02 2023]
Finished job 128.
23 of 153 steps (15%) done
Select jobs to execute...

[Fri Nov  3 02:21:02 2023]
rule mafft_align:
    input: Single_Copy_Orthologue_Sequences/OG0006269.fa
    output: mafft_aligned/OG0006269.alignment
    jobid: 132
    reason: Missing output files: mafft_aligned/OG0006269.alignment
    wildcards: sample=OG0006269
    threads: 10
    resources: tmpdir=/tmp

[Fri Nov  3 02:21:03 2023]
Finished job 132.
24 of 153 steps (16%) done
Select jobs to execute...

[Fri Nov  3 02:21:03 2023]
rule mafft_align:
    input: Single_Copy_Orthologue_Sequences/OG0006039.fa
    output: mafft_aligned/OG0006039.alignment
    jobid: 45
    reason: Missing output files: mafft_aligned/OG0006039.alignment
    wildcards: sample=OG0006039
    threads: 10
    resources: tmpdir=/tmp

[Fri Nov  3 02:21:07 2023]
Finished job 45.
25 of 153 steps (16%) done
Select jobs to execute...

[Fri Nov  3 02:21:07 2023]
rule mafft_align:
    input: Single_Copy_Orthologue_Sequences/OG0006041.fa
    output: mafft_aligned/OG0006041.alignment
    jobid: 46
    reason: Missing output files: mafft_aligned/OG0006041.alignment
    wildcards: sample=OG0006041
    threads: 10
    resources: tmpdir=/tmp

[Fri Nov  3 02:21:08 2023]
Finished job 46.
26 of 153 steps (17%) done
Select jobs to execute...

[Fri Nov  3 02:21:08 2023]
rule mafft_align:
    input: Single_Copy_Orthologue_Sequences/OG0005966.fa
    output: mafft_aligned/OG0005966.alignment
    jobid: 19
    reason: Missing output files: mafft_aligned/OG0005966.alignment
    wildcards: sample=OG0005966
    threads: 10
    resources: tmpdir=/tmp

[Fri Nov  3 02:21:09 2023]
Finished job 19.
27 of 153 steps (18%) done
Select jobs to execute...

[Fri Nov  3 02:21:09 2023]
rule mafft_align:
    input: Single_Copy_Orthologue_Sequences/OG0006278.fa
    output: mafft_aligned/OG0006278.alignment
    jobid: 135
    reason: Missing output files: mafft_aligned/OG0006278.alignment
    wildcards: sample=OG0006278
    threads: 10
    resources: tmpdir=/tmp

[Fri Nov  3 02:21:10 2023]
Finished job 135.
28 of 153 steps (18%) done
Select jobs to execute...

[Fri Nov  3 02:21:10 2023]
rule mafft_align:
    input: Single_Copy_Orthologue_Sequences/OG0006197.fa
    output: mafft_aligned/OG0006197.alignment
    jobid: 107
    reason: Missing output files: mafft_aligned/OG0006197.alignment
    wildcards: sample=OG0006197
    threads: 10
    resources: tmpdir=/tmp

[Fri Nov  3 02:21:10 2023]
Finished job 107.
29 of 153 steps (19%) done
Select jobs to execute...

[Fri Nov  3 02:21:10 2023]
rule mafft_align:
    input: Single_Copy_Orthologue_Sequences/OG0006122.fa
    output: mafft_aligned/OG0006122.alignment
    jobid: 80
    reason: Missing output files: mafft_aligned/OG0006122.alignment
    wildcards: sample=OG0006122
    threads: 10
    resources: tmpdir=/tmp

[Fri Nov  3 02:21:10 2023]
Finished job 80.
30 of 153 steps (20%) done
Select jobs to execute...

[Fri Nov  3 02:21:10 2023]
rule mafft_align:
    input: Single_Copy_Orthologue_Sequences/OG0006280.fa
    output: mafft_aligned/OG0006280.alignment
    jobid: 136
    reason: Missing output files: mafft_aligned/OG0006280.alignment
    wildcards: sample=OG0006280
    threads: 10
    resources: tmpdir=/tmp

[Fri Nov  3 02:21:11 2023]
Finished job 136.
31 of 153 steps (20%) done
Select jobs to execute...

[Fri Nov  3 02:21:11 2023]
rule mafft_align:
    input: Single_Copy_Orthologue_Sequences/OG0006202.fa
    output: mafft_aligned/OG0006202.alignment
    jobid: 108
    reason: Missing output files: mafft_aligned/OG0006202.alignment
    wildcards: sample=OG0006202
    threads: 10
    resources: tmpdir=/tmp

[Fri Nov  3 02:21:12 2023]
Finished job 108.
32 of 153 steps (21%) done
Select jobs to execute...

[Fri Nov  3 02:21:12 2023]
rule mafft_align:
    input: Single_Copy_Orthologue_Sequences/OG0005950.fa
    output: mafft_aligned/OG0005950.alignment
    jobid: 11
    reason: Missing output files: mafft_aligned/OG0005950.alignment
    wildcards: sample=OG0005950
    threads: 10
    resources: tmpdir=/tmp

[Fri Nov  3 02:21:12 2023]
Finished job 11.
33 of 153 steps (22%) done
Select jobs to execute...

[Fri Nov  3 02:21:12 2023]
rule mafft_align:
    input: Single_Copy_Orthologue_Sequences/OG0006286.fa
    output: mafft_aligned/OG0006286.alignment
    jobid: 137
    reason: Missing output files: mafft_aligned/OG0006286.alignment
    wildcards: sample=OG0006286
    threads: 10
    resources: tmpdir=/tmp

[Fri Nov  3 02:21:13 2023]
Finished job 137.
34 of 153 steps (22%) done
Select jobs to execute...

[Fri Nov  3 02:21:13 2023]
rule mafft_align:
    input: Single_Copy_Orthologue_Sequences/OG0006048.fa
    output: mafft_aligned/OG0006048.alignment
    jobid: 49
    reason: Missing output files: mafft_aligned/OG0006048.alignment
    wildcards: sample=OG0006048
    threads: 10
    resources: tmpdir=/tmp

[Fri Nov  3 02:21:13 2023]
Finished job 49.
35 of 153 steps (23%) done
Select jobs to execute...

[Fri Nov  3 02:21:13 2023]
rule mafft_align:
    input: Single_Copy_Orthologue_Sequences/OG0005972.fa
    output: mafft_aligned/OG0005972.alignment
    jobid: 22
    reason: Missing output files: mafft_aligned/OG0005972.alignment
    wildcards: sample=OG0005972
    threads: 10
    resources: tmpdir=/tmp

[Fri Nov  3 02:21:13 2023]
Finished job 22.
36 of 153 steps (24%) done
Select jobs to execute...

[Fri Nov  3 02:21:13 2023]
rule mafft_align:
    input: Single_Copy_Orthologue_Sequences/OG0006288.fa
    output: mafft_aligned/OG0006288.alignment
    jobid: 138
    reason: Missing output files: mafft_aligned/OG0006288.alignment
    wildcards: sample=OG0006288
    threads: 10
    resources: tmpdir=/tmp

[Fri Nov  3 02:21:14 2023]
Finished job 138.
37 of 153 steps (24%) done
Select jobs to execute...

[Fri Nov  3 02:21:14 2023]
rule mafft_align:
    input: Single_Copy_Orthologue_Sequences/OG0006205.fa
    output: mafft_aligned/OG0006205.alignment
    jobid: 110
    reason: Missing output files: mafft_aligned/OG0006205.alignment
    wildcards: sample=OG0006205
    threads: 10
    resources: tmpdir=/tmp

[Fri Nov  3 02:21:15 2023]
Finished job 110.
38 of 153 steps (25%) done
Select jobs to execute...

[Fri Nov  3 02:21:15 2023]
rule mafft_align:
    input: Single_Copy_Orthologue_Sequences/OG0005974.fa
    output: mafft_aligned/OG0005974.alignment
    jobid: 23
    reason: Missing output files: mafft_aligned/OG0005974.alignment
    wildcards: sample=OG0005974
    threads: 10
    resources: tmpdir=/tmp

[Fri Nov  3 02:21:16 2023]
Finished job 23.
39 of 153 steps (25%) done
Select jobs to execute...

[Fri Nov  3 02:21:17 2023]
rule mafft_align:
    input: Single_Copy_Orthologue_Sequences/OG0006289.fa
    output: mafft_aligned/OG0006289.alignment
    jobid: 139
    reason: Missing output files: mafft_aligned/OG0006289.alignment
    wildcards: sample=OG0006289
    threads: 10
    resources: tmpdir=/tmp

[Fri Nov  3 02:21:17 2023]
Finished job 139.
40 of 153 steps (26%) done
Select jobs to execute...

[Fri Nov  3 02:21:17 2023]
rule mafft_align:
    input: Single_Copy_Orthologue_Sequences/OG0006206.fa
    output: mafft_aligned/OG0006206.alignment
    jobid: 111
    reason: Missing output files: mafft_aligned/OG0006206.alignment
    wildcards: sample=OG0006206
    threads: 10
    resources: tmpdir=/tmp

[Fri Nov  3 02:21:18 2023]
Finished job 111.
41 of 153 steps (27%) done
Select jobs to execute...

[Fri Nov  3 02:21:18 2023]
rule mafft_align:
    input: Single_Copy_Orthologue_Sequences/OG0006129.fa
    output: mafft_aligned/OG0006129.alignment
    jobid: 84
    reason: Missing output files: mafft_aligned/OG0006129.alignment
    wildcards: sample=OG0006129
    threads: 10
    resources: tmpdir=/tmp

[Fri Nov  3 02:21:19 2023]
Finished job 84.
42 of 153 steps (27%) done
Select jobs to execute...

[Fri Nov  3 02:21:19 2023]
rule mafft_align:
    input: Single_Copy_Orthologue_Sequences/OG0006295.fa
    output: mafft_aligned/OG0006295.alignment
    jobid: 140
    reason: Missing output files: mafft_aligned/OG0006295.alignment
    wildcards: sample=OG0006295
    threads: 10
    resources: tmpdir=/tmp

[Fri Nov  3 02:21:19 2023]
Finished job 140.
43 of 153 steps (28%) done
Select jobs to execute...

[Fri Nov  3 02:21:19 2023]
rule mafft_align:
    input: Single_Copy_Orthologue_Sequences/OG0006094.fa
    output: mafft_aligned/OG0006094.alignment
    jobid: 70
    reason: Missing output files: mafft_aligned/OG0006094.alignment
    wildcards: sample=OG0006094
    threads: 10
    resources: tmpdir=/tmp

[Fri Nov  3 02:21:19 2023]
Finished job 70.
44 of 153 steps (29%) done
Select jobs to execute...

[Fri Nov  3 02:21:19 2023]
rule mafft_align:
    input: Single_Copy_Orthologue_Sequences/OG0005977.fa
    output: mafft_aligned/OG0005977.alignment
    jobid: 25
    reason: Missing output files: mafft_aligned/OG0005977.alignment
    wildcards: sample=OG0005977
    threads: 10
    resources: tmpdir=/tmp

[Fri Nov  3 02:21:20 2023]
Finished job 25.
45 of 153 steps (29%) done
Select jobs to execute...

[Fri Nov  3 02:21:20 2023]
rule mafft_align:
    input: Single_Copy_Orthologue_Sequences/OG0006299.fa
    output: mafft_aligned/OG0006299.alignment
    jobid: 141
    reason: Missing output files: mafft_aligned/OG0006299.alignment
    wildcards: sample=OG0006299
    threads: 10
    resources: tmpdir=/tmp

[Fri Nov  3 02:21:21 2023]
Finished job 141.
46 of 153 steps (30%) done
Select jobs to execute...

[Fri Nov  3 02:21:21 2023]
rule mafft_align:
    input: Single_Copy_Orthologue_Sequences/OG0006056.fa
    output: mafft_aligned/OG0006056.alignment
    jobid: 53
    reason: Missing output files: mafft_aligned/OG0006056.alignment
    wildcards: sample=OG0006056
    threads: 10
    resources: tmpdir=/tmp

[Fri Nov  3 02:21:22 2023]
Finished job 53.
47 of 153 steps (31%) done
Select jobs to execute...

[Fri Nov  3 02:21:22 2023]
rule mafft_align:
    input: Single_Copy_Orthologue_Sequences/OG0006181.fa
    output: mafft_aligned/OG0006181.alignment
    jobid: 101
    reason: Missing output files: mafft_aligned/OG0006181.alignment
    wildcards: sample=OG0006181
    threads: 10
    resources: tmpdir=/tmp

[Fri Nov  3 02:21:22 2023]
Finished job 101.
48 of 153 steps (31%) done
Select jobs to execute...

[Fri Nov  3 02:21:22 2023]
rule mafft_align:
    input: Single_Copy_Orthologue_Sequences/OG0005987.fa
    output: mafft_aligned/OG0005987.alignment
    jobid: 26
    reason: Missing output files: mafft_aligned/OG0005987.alignment
    wildcards: sample=OG0005987
    threads: 10
    resources: tmpdir=/tmp

[Fri Nov  3 02:21:23 2023]
Finished job 26.
49 of 153 steps (32%) done
Select jobs to execute...

[Fri Nov  3 02:21:23 2023]
rule mafft_align:
    input: Single_Copy_Orthologue_Sequences/OG0006134.fa
    output: mafft_aligned/OG0006134.alignment
    jobid: 86
    reason: Missing output files: mafft_aligned/OG0006134.alignment
    wildcards: sample=OG0006134
    threads: 10
    resources: tmpdir=/tmp

[Fri Nov  3 02:21:23 2023]
Finished job 86.
50 of 153 steps (33%) done
Select jobs to execute...

[Fri Nov  3 02:21:23 2023]
rule mafft_align:
    input: Single_Copy_Orthologue_Sequences/OG0006057.fa
    output: mafft_aligned/OG0006057.alignment
    jobid: 54
    reason: Missing output files: mafft_aligned/OG0006057.alignment
    wildcards: sample=OG0006057
    threads: 10
    resources: tmpdir=/tmp

[Fri Nov  3 02:21:24 2023]
Finished job 54.
51 of 153 steps (33%) done
Select jobs to execute...

[Fri Nov  3 02:21:24 2023]
rule mafft_align:
    input: Single_Copy_Orthologue_Sequences/OG0006221.fa
    output: mafft_aligned/OG0006221.alignment
    jobid: 114
    reason: Missing output files: mafft_aligned/OG0006221.alignment
    wildcards: sample=OG0006221
    threads: 10
    resources: tmpdir=/tmp

[Fri Nov  3 02:21:24 2023]
Finished job 114.
52 of 153 steps (34%) done
Select jobs to execute...

[Fri Nov  3 02:21:24 2023]
rule mafft_align:
    input: Single_Copy_Orthologue_Sequences/OG0005988.fa
    output: mafft_aligned/OG0005988.alignment
    jobid: 27
    reason: Missing output files: mafft_aligned/OG0005988.alignment
    wildcards: sample=OG0005988
    threads: 10
    resources: tmpdir=/tmp

[Fri Nov  3 02:21:25 2023]
Finished job 27.
53 of 153 steps (35%) done
Select jobs to execute...

[Fri Nov  3 02:21:25 2023]
rule mafft_align:
    input: Single_Copy_Orthologue_Sequences/OG0006135.fa
    output: mafft_aligned/OG0006135.alignment
    jobid: 87
    reason: Missing output files: mafft_aligned/OG0006135.alignment
    wildcards: sample=OG0006135
    threads: 10
    resources: tmpdir=/tmp

[Fri Nov  3 02:21:26 2023]
Finished job 87.
54 of 153 steps (35%) done
Select jobs to execute...

[Fri Nov  3 02:21:26 2023]
rule mafft_align:
    input: Single_Copy_Orthologue_Sequences/OG0006086.fa
    output: mafft_aligned/OG0006086.alignment
    jobid: 68
    reason: Missing output files: mafft_aligned/OG0006086.alignment
    wildcards: sample=OG0006086
    threads: 10
    resources: tmpdir=/tmp

[Fri Nov  3 02:21:26 2023]
Finished job 68.
55 of 153 steps (36%) done
Select jobs to execute...

[Fri Nov  3 02:21:26 2023]
rule mafft_align:
    input: Single_Copy_Orthologue_Sequences/OG0006303.fa
    output: mafft_aligned/OG0006303.alignment
    jobid: 143
    reason: Missing output files: mafft_aligned/OG0006303.alignment
    wildcards: sample=OG0006303
    threads: 10
    resources: tmpdir=/tmp

[Fri Nov  3 02:21:27 2023]
Finished job 143.
56 of 153 steps (37%) done
Select jobs to execute...

[Fri Nov  3 02:21:27 2023]
rule mafft_align:
    input: Single_Copy_Orthologue_Sequences/OG0006062.fa
    output: mafft_aligned/OG0006062.alignment
    jobid: 55
    reason: Missing output files: mafft_aligned/OG0006062.alignment
    wildcards: sample=OG0006062
    threads: 10
    resources: tmpdir=/tmp

[Fri Nov  3 02:21:28 2023]
Finished job 55.
57 of 153 steps (37%) done
Select jobs to execute...

[Fri Nov  3 02:21:28 2023]
rule mafft_align:
    input: Single_Copy_Orthologue_Sequences/OG0006225.fa
    output: mafft_aligned/OG0006225.alignment
    jobid: 115
    reason: Missing output files: mafft_aligned/OG0006225.alignment
    wildcards: sample=OG0006225
    threads: 10
    resources: tmpdir=/tmp

[Fri Nov  3 02:21:28 2023]
Finished job 115.
58 of 153 steps (38%) done
Select jobs to execute...

[Fri Nov  3 02:21:28 2023]
rule mafft_align:
    input: Single_Copy_Orthologue_Sequences/OG0006301.fa
    output: mafft_aligned/OG0006301.alignment
    jobid: 142
    reason: Missing output files: mafft_aligned/OG0006301.alignment
    wildcards: sample=OG0006301
    threads: 10
    resources: tmpdir=/tmp

[Fri Nov  3 02:21:28 2023]
Finished job 142.
59 of 153 steps (39%) done
Select jobs to execute...

[Fri Nov  3 02:21:28 2023]
rule mafft_align:
    input: Single_Copy_Orthologue_Sequences/OG0005990.fa
    output: mafft_aligned/OG0005990.alignment
    jobid: 28
    reason: Missing output files: mafft_aligned/OG0005990.alignment
    wildcards: sample=OG0005990
    threads: 10
    resources: tmpdir=/tmp

[Fri Nov  3 02:21:29 2023]
Finished job 28.
60 of 153 steps (39%) done
Select jobs to execute...

[Fri Nov  3 02:21:29 2023]
rule mafft_align:
    input: Single_Copy_Orthologue_Sequences/OG0006136.fa
    output: mafft_aligned/OG0006136.alignment
    jobid: 88
    reason: Missing output files: mafft_aligned/OG0006136.alignment
    wildcards: sample=OG0006136
    threads: 10
    resources: tmpdir=/tmp

[Fri Nov  3 02:21:31 2023]
Finished job 88.
61 of 153 steps (40%) done
Select jobs to execute...

[Fri Nov  3 02:21:31 2023]
rule mafft_align:
    input: Single_Copy_Orthologue_Sequences/OG0006304.fa
    output: mafft_aligned/OG0006304.alignment
    jobid: 144
    reason: Missing output files: mafft_aligned/OG0006304.alignment
    wildcards: sample=OG0006304
    threads: 10
    resources: tmpdir=/tmp

[Fri Nov  3 02:21:31 2023]
Finished job 144.
62 of 153 steps (41%) done
Select jobs to execute...

[Fri Nov  3 02:21:31 2023]
rule mafft_align:
    input: Single_Copy_Orthologue_Sequences/OG0006031.fa
    output: mafft_aligned/OG0006031.alignment
    jobid: 41
    reason: Missing output files: mafft_aligned/OG0006031.alignment
    wildcards: sample=OG0006031
    threads: 10
    resources: tmpdir=/tmp

[Fri Nov  3 02:21:32 2023]
Finished job 41.
63 of 153 steps (41%) done
Select jobs to execute...

[Fri Nov  3 02:21:32 2023]
rule mafft_align:
    input: Single_Copy_Orthologue_Sequences/OG0005942.fa
    output: mafft_aligned/OG0005942.alignment
    jobid: 8
    reason: Missing output files: mafft_aligned/OG0005942.alignment
    wildcards: sample=OG0005942
    threads: 10
    resources: tmpdir=/tmp

[Fri Nov  3 02:21:32 2023]
Finished job 8.
64 of 153 steps (42%) done
Select jobs to execute...

[Fri Nov  3 02:21:32 2023]
rule mafft_align:
    input: Single_Copy_Orthologue_Sequences/OG0006111.fa
    output: mafft_aligned/OG0006111.alignment
    jobid: 74
    reason: Missing output files: mafft_aligned/OG0006111.alignment
    wildcards: sample=OG0006111
    threads: 10
    resources: tmpdir=/tmp

[Fri Nov  3 02:21:33 2023]
Finished job 74.
65 of 153 steps (42%) done
Select jobs to execute...

[Fri Nov  3 02:21:33 2023]
rule mafft_align:
    input: Single_Copy_Orthologue_Sequences/OG0006260.fa
    output: mafft_aligned/OG0006260.alignment
    jobid: 130
    reason: Missing output files: mafft_aligned/OG0006260.alignment
    wildcards: sample=OG0006260
    threads: 10
    resources: tmpdir=/tmp

[Fri Nov  3 02:21:35 2023]
Finished job 130.
66 of 153 steps (43%) done
Select jobs to execute...

[Fri Nov  3 02:21:35 2023]
rule mafft_align:
    input: Single_Copy_Orthologue_Sequences/OG0006140.fa
    output: mafft_aligned/OG0006140.alignment
    jobid: 89
    reason: Missing output files: mafft_aligned/OG0006140.alignment
    wildcards: sample=OG0006140
    threads: 10
    resources: tmpdir=/tmp

[Fri Nov  3 02:21:35 2023]
Finished job 89.
67 of 153 steps (44%) done
Select jobs to execute...

[Fri Nov  3 02:21:35 2023]
rule mafft_align:
    input: Single_Copy_Orthologue_Sequences/OG0006305.fa
    output: mafft_aligned/OG0006305.alignment
    jobid: 145
    reason: Missing output files: mafft_aligned/OG0006305.alignment
    wildcards: sample=OG0006305
    threads: 10
    resources: tmpdir=/tmp

[Fri Nov  3 02:21:35 2023]
Finished job 145.
68 of 153 steps (44%) done
Select jobs to execute...

[Fri Nov  3 02:21:35 2023]
rule mafft_align:
    input: Single_Copy_Orthologue_Sequences/OG0005958.fa
    output: mafft_aligned/OG0005958.alignment
    jobid: 15
    reason: Missing output files: mafft_aligned/OG0005958.alignment
    wildcards: sample=OG0005958
    threads: 10
    resources: tmpdir=/tmp

[Fri Nov  3 02:21:35 2023]
Finished job 15.
69 of 153 steps (45%) done
Select jobs to execute...

[Fri Nov  3 02:21:35 2023]
rule mafft_align:
    input: Single_Copy_Orthologue_Sequences/OG0006064.fa
    output: mafft_aligned/OG0006064.alignment
    jobid: 57
    reason: Missing output files: mafft_aligned/OG0006064.alignment
    wildcards: sample=OG0006064
    threads: 10
    resources: tmpdir=/tmp

[Fri Nov  3 02:21:35 2023]
Finished job 57.
70 of 153 steps (46%) done
Select jobs to execute...

[Fri Nov  3 02:21:35 2023]
rule mafft_align:
    input: Single_Copy_Orthologue_Sequences/OG0005992.fa
    output: mafft_aligned/OG0005992.alignment
    jobid: 29
    reason: Missing output files: mafft_aligned/OG0005992.alignment
    wildcards: sample=OG0005992
    threads: 10
    resources: tmpdir=/tmp

[Fri Nov  3 02:21:36 2023]
Finished job 29.
71 of 153 steps (46%) done
Select jobs to execute...

[Fri Nov  3 02:21:36 2023]
rule mafft_align:
    input: Single_Copy_Orthologue_Sequences/OG0006228.fa
    output: mafft_aligned/OG0006228.alignment
    jobid: 117
    reason: Missing output files: mafft_aligned/OG0006228.alignment
    wildcards: sample=OG0006228
    threads: 10
    resources: tmpdir=/tmp

[Fri Nov  3 02:21:36 2023]
Finished job 117.
72 of 153 steps (47%) done
Select jobs to execute...

[Fri Nov  3 02:21:36 2023]
rule mafft_align:
    input: Single_Copy_Orthologue_Sequences/OG0006001.fa
    output: mafft_aligned/OG0006001.alignment
    jobid: 30
    reason: Missing output files: mafft_aligned/OG0006001.alignment
    wildcards: sample=OG0006001
    threads: 10
    resources: tmpdir=/tmp

[Fri Nov  3 02:21:37 2023]
Finished job 30.
73 of 153 steps (48%) done
Select jobs to execute...

[Fri Nov  3 02:21:37 2023]
rule mafft_align:
    input: Single_Copy_Orthologue_Sequences/OG0006141.fa
    output: mafft_aligned/OG0006141.alignment
    jobid: 90
    reason: Missing output files: mafft_aligned/OG0006141.alignment
    wildcards: sample=OG0006141
    threads: 10
    resources: tmpdir=/tmp

[Fri Nov  3 02:21:38 2023]
Finished job 90.
74 of 153 steps (48%) done
Select jobs to execute...

[Fri Nov  3 02:21:38 2023]
rule mafft_align:
    input: Single_Copy_Orthologue_Sequences/OG0006226.fa
    output: mafft_aligned/OG0006226.alignment
    jobid: 116
    reason: Missing output files: mafft_aligned/OG0006226.alignment
    wildcards: sample=OG0006226
    threads: 10
    resources: tmpdir=/tmp

[Fri Nov  3 02:21:38 2023]
Finished job 116.
75 of 153 steps (49%) done
Select jobs to execute...

[Fri Nov  3 02:21:38 2023]
rule mafft_align:
    input: Single_Copy_Orthologue_Sequences/OG0006330.fa
    output: mafft_aligned/OG0006330.alignment
    jobid: 152
    reason: Missing output files: mafft_aligned/OG0006330.alignment
    wildcards: sample=OG0006330
    threads: 10
    resources: tmpdir=/tmp

[Fri Nov  3 02:21:38 2023]
Finished job 152.
76 of 153 steps (50%) done
Select jobs to execute...

[Fri Nov  3 02:21:38 2023]
rule mafft_align:
    input: Single_Copy_Orthologue_Sequences/OG0006126.fa
    output: mafft_aligned/OG0006126.alignment
    jobid: 82
    reason: Missing output files: mafft_aligned/OG0006126.alignment
    wildcards: sample=OG0006126
    threads: 10
    resources: tmpdir=/tmp

[Fri Nov  3 02:21:41 2023]
Finished job 82.
77 of 153 steps (50%) done
Select jobs to execute...

[Fri Nov  3 02:21:41 2023]
rule mafft_align:
    input: Single_Copy_Orthologue_Sequences/OG0005948.fa
    output: mafft_aligned/OG0005948.alignment
    jobid: 9
    reason: Missing output files: mafft_aligned/OG0005948.alignment
    wildcards: sample=OG0005948
    threads: 10
    resources: tmpdir=/tmp

[Fri Nov  3 02:21:42 2023]
Finished job 9.
78 of 153 steps (51%) done
Select jobs to execute...

[Fri Nov  3 02:21:42 2023]
rule mafft_align:
    input: Single_Copy_Orthologue_Sequences/OG0006157.fa
    output: mafft_aligned/OG0006157.alignment
    jobid: 96
    reason: Missing output files: mafft_aligned/OG0006157.alignment
    wildcards: sample=OG0006157
    threads: 10
    resources: tmpdir=/tmp

[Fri Nov  3 02:21:42 2023]
Finished job 96.
79 of 153 steps (52%) done
Select jobs to execute...

[Fri Nov  3 02:21:42 2023]
rule mafft_align:
    input: Single_Copy_Orthologue_Sequences/OG0006112.fa
    output: mafft_aligned/OG0006112.alignment
    jobid: 75
    reason: Missing output files: mafft_aligned/OG0006112.alignment
    wildcards: sample=OG0006112
    threads: 10
    resources: tmpdir=/tmp

[Fri Nov  3 02:21:42 2023]
Finished job 75.
80 of 153 steps (52%) done
Select jobs to execute...

[Fri Nov  3 02:21:42 2023]
rule mafft_align:
    input: Single_Copy_Orthologue_Sequences/OG0005956.fa
    output: mafft_aligned/OG0005956.alignment
    jobid: 13
    reason: Missing output files: mafft_aligned/OG0005956.alignment
    wildcards: sample=OG0005956
    threads: 10
    resources: tmpdir=/tmp

[Fri Nov  3 02:21:43 2023]
Finished job 13.
81 of 153 steps (53%) done
Select jobs to execute...

[Fri Nov  3 02:21:43 2023]
rule mafft_align:
    input: Single_Copy_Orthologue_Sequences/OG0006077.fa
    output: mafft_aligned/OG0006077.alignment
    jobid: 64
    reason: Missing output files: mafft_aligned/OG0006077.alignment
    wildcards: sample=OG0006077
    threads: 10
    resources: tmpdir=/tmp

[Fri Nov  3 02:21:44 2023]
Finished job 64.
82 of 153 steps (54%) done
Select jobs to execute...

[Fri Nov  3 02:21:44 2023]
rule mafft_align:
    input: Single_Copy_Orthologue_Sequences/OG0006021.fa
    output: mafft_aligned/OG0006021.alignment
    jobid: 36
    reason: Missing output files: mafft_aligned/OG0006021.alignment
    wildcards: sample=OG0006021
    threads: 10
    resources: tmpdir=/tmp

[Fri Nov  3 02:21:44 2023]
Finished job 36.
83 of 153 steps (54%) done
Select jobs to execute...

[Fri Nov  3 02:21:44 2023]
rule mafft_align:
    input: Single_Copy_Orthologue_Sequences/OG0006244.fa
    output: mafft_aligned/OG0006244.alignment
    jobid: 124
    reason: Missing output files: mafft_aligned/OG0006244.alignment
    wildcards: sample=OG0006244
    threads: 10
    resources: tmpdir=/tmp

[Fri Nov  3 02:21:44 2023]
Finished job 124.
84 of 153 steps (55%) done
Select jobs to execute...

[Fri Nov  3 02:21:44 2023]
rule mafft_align:
    input: Single_Copy_Orthologue_Sequences/OG0006324.fa
    output: mafft_aligned/OG0006324.alignment
    jobid: 149
    reason: Missing output files: mafft_aligned/OG0006324.alignment
    wildcards: sample=OG0006324
    threads: 10
    resources: tmpdir=/tmp

[Fri Nov  3 02:21:44 2023]
Finished job 149.
85 of 153 steps (56%) done
Select jobs to execute...

[Fri Nov  3 02:21:44 2023]
rule mafft_align:
    input: Single_Copy_Orthologue_Sequences/OG0006024.fa
    output: mafft_aligned/OG0006024.alignment
    jobid: 38
    reason: Missing output files: mafft_aligned/OG0006024.alignment
    wildcards: sample=OG0006024
    threads: 10
    resources: tmpdir=/tmp

[Fri Nov  3 02:21:46 2023]
Finished job 38.
86 of 153 steps (56%) done
Select jobs to execute...

[Fri Nov  3 02:21:46 2023]
rule mafft_align:
    input: Single_Copy_Orthologue_Sequences/OG0006148.fa
    output: mafft_aligned/OG0006148.alignment
    jobid: 93
    reason: Missing output files: mafft_aligned/OG0006148.alignment
    wildcards: sample=OG0006148
    threads: 10
    resources: tmpdir=/tmp

[Fri Nov  3 02:21:46 2023]
Finished job 93.
87 of 153 steps (57%) done
Select jobs to execute...

[Fri Nov  3 02:21:46 2023]
rule mafft_align:
    input: Single_Copy_Orthologue_Sequences/OG0006166.fa
    output: mafft_aligned/OG0006166.alignment
    jobid: 98
    reason: Missing output files: mafft_aligned/OG0006166.alignment
    wildcards: sample=OG0006166
    threads: 10
    resources: tmpdir=/tmp

[Fri Nov  3 02:21:47 2023]
Finished job 98.
88 of 153 steps (58%) done
Select jobs to execute...

[Fri Nov  3 02:21:47 2023]
rule mafft_align:
    input: Single_Copy_Orthologue_Sequences/OG0006248.fa
    output: mafft_aligned/OG0006248.alignment
    jobid: 125
    reason: Missing output files: mafft_aligned/OG0006248.alignment
    wildcards: sample=OG0006248
    threads: 10
    resources: tmpdir=/tmp

[Fri Nov  3 02:21:47 2023]
Finished job 125.
89 of 153 steps (58%) done
Select jobs to execute...

[Fri Nov  3 02:21:47 2023]
rule mafft_align:
    input: Single_Copy_Orthologue_Sequences/OG0006002.fa
    output: mafft_aligned/OG0006002.alignment
    jobid: 31
    reason: Missing output files: mafft_aligned/OG0006002.alignment
    wildcards: sample=OG0006002
    threads: 10
    resources: tmpdir=/tmp

[Fri Nov  3 02:21:47 2023]
Finished job 31.
90 of 153 steps (59%) done
Select jobs to execute...

[Fri Nov  3 02:21:47 2023]
rule mafft_align:
    input: Single_Copy_Orthologue_Sequences/OG0006229.fa
    output: mafft_aligned/OG0006229.alignment
    jobid: 118
    reason: Missing output files: mafft_aligned/OG0006229.alignment
    wildcards: sample=OG0006229
    threads: 10
    resources: tmpdir=/tmp

[Fri Nov  3 02:21:48 2023]
Finished job 118.
91 of 153 steps (59%) done
Select jobs to execute...

[Fri Nov  3 02:21:48 2023]
rule mafft_align:
    input: Single_Copy_Orthologue_Sequences/OG0006146.fa
    output: mafft_aligned/OG0006146.alignment
    jobid: 91
    reason: Missing output files: mafft_aligned/OG0006146.alignment
    wildcards: sample=OG0006146
    threads: 10
    resources: tmpdir=/tmp

[Fri Nov  3 02:21:48 2023]
Finished job 91.
92 of 153 steps (60%) done
Select jobs to execute...

[Fri Nov  3 02:21:48 2023]
rule mafft_align:
    input: Single_Copy_Orthologue_Sequences/OG0006053.fa
    output: mafft_aligned/OG0006053.alignment
    jobid: 51
    reason: Missing output files: mafft_aligned/OG0006053.alignment
    wildcards: sample=OG0006053
    threads: 10
    resources: tmpdir=/tmp

[Fri Nov  3 02:21:50 2023]
Finished job 51.
93 of 153 steps (61%) done
Select jobs to execute...

[Fri Nov  3 02:21:50 2023]
rule mafft_align:
    input: Single_Copy_Orthologue_Sequences/OG0006313.fa
    output: mafft_aligned/OG0006313.alignment
    jobid: 147
    reason: Missing output files: mafft_aligned/OG0006313.alignment
    wildcards: sample=OG0006313
    threads: 10
    resources: tmpdir=/tmp

[Fri Nov  3 02:21:50 2023]
Finished job 147.
94 of 153 steps (61%) done
Select jobs to execute...

[Fri Nov  3 02:21:50 2023]
rule mafft_align:
    input: Single_Copy_Orthologue_Sequences/OG0006067.fa
    output: mafft_aligned/OG0006067.alignment
    jobid: 58
    reason: Missing output files: mafft_aligned/OG0006067.alignment
    wildcards: sample=OG0006067
    threads: 10
    resources: tmpdir=/tmp

[Fri Nov  3 02:21:52 2023]
Finished job 58.
95 of 153 steps (62%) done
Select jobs to execute...

[Fri Nov  3 02:21:52 2023]
rule mafft_align:
    input: Single_Copy_Orthologue_Sequences/OG0005976.fa
    output: mafft_aligned/OG0005976.alignment
    jobid: 24
    reason: Missing output files: mafft_aligned/OG0005976.alignment
    wildcards: sample=OG0005976
    threads: 10
    resources: tmpdir=/tmp

[Fri Nov  3 02:21:53 2023]
Finished job 24.
96 of 153 steps (63%) done
Select jobs to execute...

[Fri Nov  3 02:21:53 2023]
rule mafft_align:
    input: Single_Copy_Orthologue_Sequences/OG0005921.fa
    output: mafft_aligned/OG0005921.alignment
    jobid: 2
    reason: Missing output files: mafft_aligned/OG0005921.alignment
    wildcards: sample=OG0005921
    threads: 10
    resources: tmpdir=/tmp

[Fri Nov  3 02:21:54 2023]
Finished job 2.
97 of 153 steps (63%) done
Select jobs to execute...

[Fri Nov  3 02:21:54 2023]
rule mafft_align:
    input: Single_Copy_Orthologue_Sequences/OG0005962.fa
    output: mafft_aligned/OG0005962.alignment
    jobid: 17
    reason: Missing output files: mafft_aligned/OG0005962.alignment
    wildcards: sample=OG0005962
    threads: 10
    resources: tmpdir=/tmp

[Fri Nov  3 02:21:54 2023]
Finished job 17.
98 of 153 steps (64%) done
Select jobs to execute...

[Fri Nov  3 02:21:54 2023]
rule mafft_align:
    input: Single_Copy_Orthologue_Sequences/OG0006078.fa
    output: mafft_aligned/OG0006078.alignment
    jobid: 65
    reason: Missing output files: mafft_aligned/OG0006078.alignment
    wildcards: sample=OG0006078
    threads: 10
    resources: tmpdir=/tmp

[Fri Nov  3 02:21:54 2023]
Finished job 65.
99 of 153 steps (65%) done
Select jobs to execute...

[Fri Nov  3 02:21:54 2023]
rule mafft_align:
    input: Single_Copy_Orthologue_Sequences/OG0006079.fa
    output: mafft_aligned/OG0006079.alignment
    jobid: 66
    reason: Missing output files: mafft_aligned/OG0006079.alignment
    wildcards: sample=OG0006079
    threads: 10
    resources: tmpdir=/tmp

[Fri Nov  3 02:21:55 2023]
Finished job 66.
100 of 153 steps (65%) done
Select jobs to execute...

[Fri Nov  3 02:21:55 2023]
rule mafft_align:
    input: Single_Copy_Orthologue_Sequences/OG0005931.fa
    output: mafft_aligned/OG0005931.alignment
    jobid: 6
    reason: Missing output files: mafft_aligned/OG0005931.alignment
    wildcards: sample=OG0005931
    threads: 10
    resources: tmpdir=/tmp

[Fri Nov  3 02:21:55 2023]
Finished job 6.
101 of 153 steps (66%) done
Select jobs to execute...

[Fri Nov  3 02:21:56 2023]
rule mafft_align:
    input: Single_Copy_Orthologue_Sequences/OG0006097.fa
    output: mafft_aligned/OG0006097.alignment
    jobid: 71
    reason: Missing output files: mafft_aligned/OG0006097.alignment
    wildcards: sample=OG0006097
    threads: 10
    resources: tmpdir=/tmp

[Fri Nov  3 02:21:56 2023]
Finished job 71.
102 of 153 steps (67%) done
Select jobs to execute...

[Fri Nov  3 02:21:56 2023]
rule mafft_align:
    input: Single_Copy_Orthologue_Sequences/OG0006011.fa
    output: mafft_aligned/OG0006011.alignment
    jobid: 34
    reason: Missing output files: mafft_aligned/OG0006011.alignment
    wildcards: sample=OG0006011
    threads: 10
    resources: tmpdir=/tmp

[Fri Nov  3 02:21:57 2023]
Finished job 34.
103 of 153 steps (67%) done
Select jobs to execute...

[Fri Nov  3 02:21:57 2023]
rule mafft_align:
    input: Single_Copy_Orthologue_Sequences/OG0006150.fa
    output: mafft_aligned/OG0006150.alignment
    jobid: 94
    reason: Missing output files: mafft_aligned/OG0006150.alignment
    wildcards: sample=OG0006150
    threads: 10
    resources: tmpdir=/tmp

[Fri Nov  3 02:21:57 2023]
Finished job 94.
104 of 153 steps (68%) done
Select jobs to execute...

[Fri Nov  3 02:21:57 2023]
rule mafft_align:
    input: Single_Copy_Orthologue_Sequences/OG0006068.fa
    output: mafft_aligned/OG0006068.alignment
    jobid: 59
    reason: Missing output files: mafft_aligned/OG0006068.alignment
    wildcards: sample=OG0006068
    threads: 10
    resources: tmpdir=/tmp

[Fri Nov  3 02:21:57 2023]
Finished job 59.
105 of 153 steps (69%) done
Select jobs to execute...

[Fri Nov  3 02:21:57 2023]
rule mafft_align:
    input: Single_Copy_Orthologue_Sequences/OG0006231.fa
    output: mafft_aligned/OG0006231.alignment
    jobid: 119
    reason: Missing output files: mafft_aligned/OG0006231.alignment
    wildcards: sample=OG0006231
    threads: 10
    resources: tmpdir=/tmp

[Fri Nov  3 02:21:58 2023]
Finished job 119.
106 of 153 steps (69%) done
Select jobs to execute...

[Fri Nov  3 02:21:58 2023]
rule mafft_align:
    input: Single_Copy_Orthologue_Sequences/OG0005953.fa
    output: mafft_aligned/OG0005953.alignment
    jobid: 12
    reason: Missing output files: mafft_aligned/OG0005953.alignment
    wildcards: sample=OG0005953
    threads: 10
    resources: tmpdir=/tmp

[Fri Nov  3 02:21:58 2023]
Finished job 12.
107 of 153 steps (70%) done
Select jobs to execute...

[Fri Nov  3 02:21:58 2023]
rule mafft_align:
    input: Single_Copy_Orthologue_Sequences/OG0006213.fa
    output: mafft_aligned/OG0006213.alignment
    jobid: 112
    reason: Missing output files: mafft_aligned/OG0006213.alignment
    wildcards: sample=OG0006213
    threads: 10
    resources: tmpdir=/tmp

[Fri Nov  3 02:22:00 2023]
Finished job 112.
108 of 153 steps (71%) done
Select jobs to execute...

[Fri Nov  3 02:22:00 2023]
rule mafft_align:
    input: Single_Copy_Orthologue_Sequences/OG0006128.fa
    output: mafft_aligned/OG0006128.alignment
    jobid: 83
    reason: Missing output files: mafft_aligned/OG0006128.alignment
    wildcards: sample=OG0006128
    threads: 10
    resources: tmpdir=/tmp

[Fri Nov  3 02:22:00 2023]
Finished job 83.
109 of 153 steps (71%) done
Select jobs to execute...

[Fri Nov  3 02:22:00 2023]
rule mafft_align:
    input: Single_Copy_Orthologue_Sequences/OG0006054.fa
    output: mafft_aligned/OG0006054.alignment
    jobid: 52
    reason: Missing output files: mafft_aligned/OG0006054.alignment
    wildcards: sample=OG0006054
    threads: 10
    resources: tmpdir=/tmp

[Fri Nov  3 02:22:00 2023]
Finished job 52.
110 of 153 steps (72%) done
Select jobs to execute...

[Fri Nov  3 02:22:00 2023]
rule mafft_align:
    input: Single_Copy_Orthologue_Sequences/OG0006311.fa
    output: mafft_aligned/OG0006311.alignment
    jobid: 146
    reason: Missing output files: mafft_aligned/OG0006311.alignment
    wildcards: sample=OG0006311
    threads: 10
    resources: tmpdir=/tmp

[Fri Nov  3 02:22:01 2023]
Finished job 146.
111 of 153 steps (73%) done
Select jobs to execute...

[Fri Nov  3 02:22:01 2023]
rule mafft_align:
    input: Single_Copy_Orthologue_Sequences/OG0006009.fa
    output: mafft_aligned/OG0006009.alignment
    jobid: 32
    reason: Missing output files: mafft_aligned/OG0006009.alignment
    wildcards: sample=OG0006009
    threads: 10
    resources: tmpdir=/tmp

[Fri Nov  3 02:22:02 2023]
Finished job 32.
112 of 153 steps (73%) done
Select jobs to execute...

[Fri Nov  3 02:22:02 2023]
rule mafft_align:
    input: Single_Copy_Orthologue_Sequences/OG0006159.fa
    output: mafft_aligned/OG0006159.alignment
    jobid: 97
    reason: Missing output files: mafft_aligned/OG0006159.alignment
    wildcards: sample=OG0006159
    threads: 10
    resources: tmpdir=/tmp

[Fri Nov  3 02:22:02 2023]
Finished job 97.
113 of 153 steps (74%) done
Select jobs to execute...

[Fri Nov  3 02:22:02 2023]
rule mafft_align:
    input: Single_Copy_Orthologue_Sequences/OG0006147.fa
    output: mafft_aligned/OG0006147.alignment
    jobid: 92
    reason: Missing output files: mafft_aligned/OG0006147.alignment
    wildcards: sample=OG0006147
    threads: 10
    resources: tmpdir=/tmp

[Fri Nov  3 02:22:03 2023]
Finished job 92.
114 of 153 steps (75%) done
Select jobs to execute...

[Fri Nov  3 02:22:03 2023]
rule mafft_align:
    input: Single_Copy_Orthologue_Sequences/OG0006023.fa
    output: mafft_aligned/OG0006023.alignment
    jobid: 37
    reason: Missing output files: mafft_aligned/OG0006023.alignment
    wildcards: sample=OG0006023
    threads: 10
    resources: tmpdir=/tmp

[Fri Nov  3 02:22:05 2023]
Finished job 37.
115 of 153 steps (75%) done
Select jobs to execute...

[Fri Nov  3 02:22:05 2023]
rule mafft_align:
    input: Single_Copy_Orthologue_Sequences/OG0006322.fa
    output: mafft_aligned/OG0006322.alignment
    jobid: 148
    reason: Missing output files: mafft_aligned/OG0006322.alignment
    wildcards: sample=OG0006322
    threads: 10
    resources: tmpdir=/tmp

[Fri Nov  3 02:22:05 2023]
Finished job 148.
116 of 153 steps (76%) done
Select jobs to execute...

[Fri Nov  3 02:22:05 2023]
rule mafft_align:
    input: Single_Copy_Orthologue_Sequences/OG0006050.fa
    output: mafft_aligned/OG0006050.alignment
    jobid: 50
    reason: Missing output files: mafft_aligned/OG0006050.alignment
    wildcards: sample=OG0006050
    threads: 10
    resources: tmpdir=/tmp

[Fri Nov  3 02:22:07 2023]
Finished job 50.
117 of 153 steps (76%) done
Select jobs to execute...

[Fri Nov  3 02:22:07 2023]
rule mafft_align:
    input: Single_Copy_Orthologue_Sequences/OG0006130.fa
    output: mafft_aligned/OG0006130.alignment
    jobid: 85
    reason: Missing output files: mafft_aligned/OG0006130.alignment
    wildcards: sample=OG0006130
    threads: 10
    resources: tmpdir=/tmp

[Fri Nov  3 02:22:08 2023]
Finished job 85.
118 of 153 steps (77%) done
Select jobs to execute...

[Fri Nov  3 02:22:08 2023]
rule mafft_align:
    input: Single_Copy_Orthologue_Sequences/OG0006030.fa
    output: mafft_aligned/OG0006030.alignment
    jobid: 40
    reason: Missing output files: mafft_aligned/OG0006030.alignment
    wildcards: sample=OG0006030
    threads: 10
    resources: tmpdir=/tmp

[Fri Nov  3 02:22:08 2023]
Finished job 40.
119 of 153 steps (78%) done
Select jobs to execute...

[Fri Nov  3 02:22:08 2023]
rule mafft_align:
    input: Single_Copy_Orthologue_Sequences/OG0006179.fa
    output: mafft_aligned/OG0006179.alignment
    jobid: 100
    reason: Missing output files: mafft_aligned/OG0006179.alignment
    wildcards: sample=OG0006179
    threads: 10
    resources: tmpdir=/tmp

[Fri Nov  3 02:22:09 2023]
Finished job 100.
120 of 153 steps (78%) done
Select jobs to execute...

[Fri Nov  3 02:22:09 2023]
rule mafft_align:
    input: Single_Copy_Orthologue_Sequences/OG0006326.fa
    output: mafft_aligned/OG0006326.alignment
    jobid: 150
    reason: Missing output files: mafft_aligned/OG0006326.alignment
    wildcards: sample=OG0006326
    threads: 10
    resources: tmpdir=/tmp

[Fri Nov  3 02:22:09 2023]
Finished job 150.
121 of 153 steps (79%) done
Select jobs to execute...

[Fri Nov  3 02:22:09 2023]
rule mafft_align:
    input: Single_Copy_Orthologue_Sequences/OG0005967.fa
    output: mafft_aligned/OG0005967.alignment
    jobid: 20
    reason: Missing output files: mafft_aligned/OG0005967.alignment
    wildcards: sample=OG0005967
    threads: 10
    resources: tmpdir=/tmp

[Fri Nov  3 02:22:10 2023]
Finished job 20.
122 of 153 steps (80%) done
Select jobs to execute...

[Fri Nov  3 02:22:10 2023]
rule mafft_align:
    input: Single_Copy_Orthologue_Sequences/OG0006258.fa
    output: mafft_aligned/OG0006258.alignment
    jobid: 129
    reason: Missing output files: mafft_aligned/OG0006258.alignment
    wildcards: sample=OG0006258
    threads: 10
    resources: tmpdir=/tmp

[Fri Nov  3 02:22:10 2023]
Finished job 129.
123 of 153 steps (80%) done
Select jobs to execute...

[Fri Nov  3 02:22:10 2023]
rule mafft_align:
    input: Single_Copy_Orthologue_Sequences/OG0005929.fa
    output: mafft_aligned/OG0005929.alignment
    jobid: 5
    reason: Missing output files: mafft_aligned/OG0005929.alignment
    wildcards: sample=OG0005929
    threads: 10
    resources: tmpdir=/tmp

[Fri Nov  3 02:22:10 2023]
Finished job 5.
124 of 153 steps (81%) done
Select jobs to execute...

[Fri Nov  3 02:22:10 2023]
rule mafft_align:
    input: Single_Copy_Orthologue_Sequences/OG0006075.fa
    output: mafft_aligned/OG0006075.alignment
    jobid: 62
    reason: Missing output files: mafft_aligned/OG0006075.alignment
    wildcards: sample=OG0006075
    threads: 10
    resources: tmpdir=/tmp

[Fri Nov  3 02:22:11 2023]
Finished job 62.
125 of 153 steps (82%) done
Select jobs to execute...

[Fri Nov  3 02:22:11 2023]
rule mafft_align:
    input: Single_Copy_Orthologue_Sequences/OG0006236.fa
    output: mafft_aligned/OG0006236.alignment
    jobid: 122
    reason: Missing output files: mafft_aligned/OG0006236.alignment
    wildcards: sample=OG0006236
    threads: 10
    resources: tmpdir=/tmp

[Fri Nov  3 02:22:11 2023]
Finished job 122.
126 of 153 steps (82%) done
Select jobs to execute...

[Fri Nov  3 02:22:11 2023]
rule mafft_align:
    input: Single_Copy_Orthologue_Sequences/OG0006044.fa
    output: mafft_aligned/OG0006044.alignment
    jobid: 48
    reason: Missing output files: mafft_aligned/OG0006044.alignment
    wildcards: sample=OG0006044
    threads: 10
    resources: tmpdir=/tmp

[Fri Nov  3 02:22:11 2023]
Finished job 48.
127 of 153 steps (83%) done
Select jobs to execute...

[Fri Nov  3 02:22:11 2023]
rule mafft_align:
    input: Single_Copy_Orthologue_Sequences/OG0006016.fa
    output: mafft_aligned/OG0006016.alignment
    jobid: 35
    reason: Missing output files: mafft_aligned/OG0006016.alignment
    wildcards: sample=OG0006016
    threads: 10
    resources: tmpdir=/tmp

[Fri Nov  3 02:22:12 2023]
Finished job 35.
128 of 153 steps (84%) done
Select jobs to execute...

[Fri Nov  3 02:22:12 2023]
rule mafft_align:
    input: Single_Copy_Orthologue_Sequences/OG0006154.fa
    output: mafft_aligned/OG0006154.alignment
    jobid: 95
    reason: Missing output files: mafft_aligned/OG0006154.alignment
    wildcards: sample=OG0006154
    threads: 10
    resources: tmpdir=/tmp

[Fri Nov  3 02:22:12 2023]
Finished job 95.
129 of 153 steps (84%) done
Select jobs to execute...

[Fri Nov  3 02:22:12 2023]
rule mafft_align:
    input: Single_Copy_Orthologue_Sequences/OG0006327.fa
    output: mafft_aligned/OG0006327.alignment
    jobid: 151
    reason: Missing output files: mafft_aligned/OG0006327.alignment
    wildcards: sample=OG0006327
    threads: 10
    resources: tmpdir=/tmp

[Fri Nov  3 02:22:12 2023]
Finished job 151.
130 of 153 steps (85%) done
Select jobs to execute...

[Fri Nov  3 02:22:12 2023]
rule mafft_align:
    input: Single_Copy_Orthologue_Sequences/OG0005969.fa
    output: mafft_aligned/OG0005969.alignment
    jobid: 21
    reason: Missing output files: mafft_aligned/OG0005969.alignment
    wildcards: sample=OG0005969
    threads: 10
    resources: tmpdir=/tmp

[Fri Nov  3 02:22:13 2023]
Finished job 21.
131 of 153 steps (86%) done
Select jobs to execute...

[Fri Nov  3 02:22:13 2023]
rule mafft_align:
    input: Single_Copy_Orthologue_Sequences/OG0006123.fa
    output: mafft_aligned/OG0006123.alignment
    jobid: 81
    reason: Missing output files: mafft_aligned/OG0006123.alignment
    wildcards: sample=OG0006123
    threads: 10
    resources: tmpdir=/tmp

[Fri Nov  3 02:22:13 2023]
Finished job 81.
132 of 153 steps (86%) done
Select jobs to execute...

[Fri Nov  3 02:22:13 2023]
rule mafft_align:
    input: Single_Copy_Orthologue_Sequences/OG0006238.fa
    output: mafft_aligned/OG0006238.alignment
    jobid: 123
    reason: Missing output files: mafft_aligned/OG0006238.alignment
    wildcards: sample=OG0006238
    threads: 10
    resources: tmpdir=/tmp

[Fri Nov  3 02:22:14 2023]
Finished job 123.
133 of 153 steps (87%) done
Select jobs to execute...

[Fri Nov  3 02:22:14 2023]
rule mafft_align:
    input: Single_Copy_Orthologue_Sequences/OG0006043.fa
    output: mafft_aligned/OG0006043.alignment
    jobid: 47
    reason: Missing output files: mafft_aligned/OG0006043.alignment
    wildcards: sample=OG0006043
    threads: 10
    resources: tmpdir=/tmp

[Fri Nov  3 02:22:14 2023]
Finished job 47.
134 of 153 steps (88%) done
Select jobs to execute...

[Fri Nov  3 02:22:14 2023]
rule mafft_align:
    input: Single_Copy_Orthologue_Sequences/OG0006076.fa
    output: mafft_aligned/OG0006076.alignment
    jobid: 63
    reason: Missing output files: mafft_aligned/OG0006076.alignment
    wildcards: sample=OG0006076
    threads: 10
    resources: tmpdir=/tmp

[Fri Nov  3 02:22:15 2023]
Finished job 63.
135 of 153 steps (88%) done
Select jobs to execute...

[Fri Nov  3 02:22:15 2023]
rule mafft_align:
    input: Single_Copy_Orthologue_Sequences/OG0006069.fa
    output: mafft_aligned/OG0006069.alignment
    jobid: 60
    reason: Missing output files: mafft_aligned/OG0006069.alignment
    wildcards: sample=OG0006069
    threads: 10
    resources: tmpdir=/tmp

[Fri Nov  3 02:22:16 2023]
Finished job 60.
136 of 153 steps (89%) done
Select jobs to execute...

[Fri Nov  3 02:22:16 2023]
rule mafft_align:
    input: Single_Copy_Orthologue_Sequences/OG0006232.fa
    output: mafft_aligned/OG0006232.alignment
    jobid: 120
    reason: Missing output files: mafft_aligned/OG0006232.alignment
    wildcards: sample=OG0006232
    threads: 10
    resources: tmpdir=/tmp

[Fri Nov  3 02:22:17 2023]
Finished job 120.
137 of 153 steps (90%) done
Select jobs to execute...

[Fri Nov  3 02:22:17 2023]
rule mafft_align:
    input: Single_Copy_Orthologue_Sequences/OG0006090.fa
    output: mafft_aligned/OG0006090.alignment
    jobid: 69
    reason: Missing output files: mafft_aligned/OG0006090.alignment
    wildcards: sample=OG0006090
    threads: 10
    resources: tmpdir=/tmp

[Fri Nov  3 02:22:17 2023]
Finished job 69.
138 of 153 steps (90%) done
Select jobs to execute...

[Fri Nov  3 02:22:17 2023]
rule mafft_align:
    input: Single_Copy_Orthologue_Sequences/OG0006216.fa
    output: mafft_aligned/OG0006216.alignment
    jobid: 113
    reason: Missing output files: mafft_aligned/OG0006216.alignment
    wildcards: sample=OG0006216
    threads: 10
    resources: tmpdir=/tmp

[Fri Nov  3 02:22:18 2023]
Finished job 113.
139 of 153 steps (91%) done
Select jobs to execute...

[Fri Nov  3 02:22:18 2023]
rule mafft_align:
    input: Single_Copy_Orthologue_Sequences/OG0006010.fa
    output: mafft_aligned/OG0006010.alignment
    jobid: 33
    reason: Missing output files: mafft_aligned/OG0006010.alignment
    wildcards: sample=OG0006010
    threads: 10
    resources: tmpdir=/tmp

[Fri Nov  3 02:22:22 2023]
Finished job 33.
140 of 153 steps (92%) done
Select jobs to execute...

[Fri Nov  3 02:22:22 2023]
rule mafft_align:
    input: Single_Copy_Orthologue_Sequences/OG0006119.fa
    output: mafft_aligned/OG0006119.alignment
    jobid: 79
    reason: Missing output files: mafft_aligned/OG0006119.alignment
    wildcards: sample=OG0006119
    threads: 10
    resources: tmpdir=/tmp

[Fri Nov  3 02:22:23 2023]
Finished job 79.
141 of 153 steps (92%) done
Select jobs to execute...

[Fri Nov  3 02:22:23 2023]
rule mafft_align:
    input: Single_Copy_Orthologue_Sequences/OG0005924.fa
    output: mafft_aligned/OG0005924.alignment
    jobid: 4
    reason: Missing output files: mafft_aligned/OG0005924.alignment
    wildcards: sample=OG0005924
    threads: 10
    resources: tmpdir=/tmp

[Fri Nov  3 02:22:23 2023]
Finished job 4.
142 of 153 steps (93%) done
Select jobs to execute...

[Fri Nov  3 02:22:23 2023]
rule mafft_align:
    input: Single_Copy_Orthologue_Sequences/OG0006233.fa
    output: mafft_aligned/OG0006233.alignment
    jobid: 121
    reason: Missing output files: mafft_aligned/OG0006233.alignment
    wildcards: sample=OG0006233
    threads: 10
    resources: tmpdir=/tmp

[Fri Nov  3 02:22:24 2023]
Finished job 121.
143 of 153 steps (93%) done
Select jobs to execute...

[Fri Nov  3 02:22:24 2023]
rule mafft_align:
    input: Single_Copy_Orthologue_Sequences/OG0006074.fa
    output: mafft_aligned/OG0006074.alignment
    jobid: 61
    reason: Missing output files: mafft_aligned/OG0006074.alignment
    wildcards: sample=OG0006074
    threads: 10
    resources: tmpdir=/tmp

[Fri Nov  3 02:22:28 2023]
Finished job 61.
144 of 153 steps (94%) done
Select jobs to execute...

[Fri Nov  3 02:22:28 2023]
rule mafft_align:
    input: Single_Copy_Orthologue_Sequences/OG0005923.fa
    output: mafft_aligned/OG0005923.alignment
    jobid: 3
    reason: Missing output files: mafft_aligned/OG0005923.alignment
    wildcards: sample=OG0005923
    threads: 10
    resources: tmpdir=/tmp

[Fri Nov  3 02:22:29 2023]
Finished job 3.
145 of 153 steps (95%) done
Select jobs to execute...

[Fri Nov  3 02:22:29 2023]
rule mafft_align:
    input: Single_Copy_Orthologue_Sequences/OG0005965.fa
    output: mafft_aligned/OG0005965.alignment
    jobid: 18
    reason: Missing output files: mafft_aligned/OG0005965.alignment
    wildcards: sample=OG0005965
    threads: 10
    resources: tmpdir=/tmp

[Fri Nov  3 02:22:29 2023]
Finished job 18.
146 of 153 steps (95%) done
Select jobs to execute...

[Fri Nov  3 02:22:29 2023]
rule mafft_align:
    input: Single_Copy_Orthologue_Sequences/OG0006185.fa
    output: mafft_aligned/OG0006185.alignment
    jobid: 102
    reason: Missing output files: mafft_aligned/OG0006185.alignment
    wildcards: sample=OG0006185
    threads: 10
    resources: tmpdir=/tmp

[Fri Nov  3 02:22:31 2023]
Finished job 102.
147 of 153 steps (96%) done
Select jobs to execute...

[Fri Nov  3 02:22:31 2023]
rule mafft_align:
    input: Single_Copy_Orthologue_Sequences/OG0006204.fa
    output: mafft_aligned/OG0006204.alignment
    jobid: 109
    reason: Missing output files: mafft_aligned/OG0006204.alignment
    wildcards: sample=OG0006204
    threads: 10
    resources: tmpdir=/tmp

[Fri Nov  3 02:22:31 2023]
Finished job 109.
148 of 153 steps (97%) done
Select jobs to execute...

[Fri Nov  3 02:22:31 2023]
rule mafft_align:
    input: Single_Copy_Orthologue_Sequences/OG0006063.fa
    output: mafft_aligned/OG0006063.alignment
    jobid: 56
    reason: Missing output files: mafft_aligned/OG0006063.alignment
    wildcards: sample=OG0006063
    threads: 10
    resources: tmpdir=/tmp

[Fri Nov  3 02:22:32 2023]
Finished job 56.
149 of 153 steps (97%) done
Select jobs to execute...

[Fri Nov  3 02:22:32 2023]
rule mafft_align:
    input: Single_Copy_Orthologue_Sequences/OG0006032.fa
    output: mafft_aligned/OG0006032.alignment
    jobid: 42
    reason: Missing output files: mafft_aligned/OG0006032.alignment
    wildcards: sample=OG0006032
    threads: 10
    resources: tmpdir=/tmp

[Fri Nov  3 02:22:32 2023]
Finished job 42.
150 of 153 steps (98%) done
Select jobs to execute...

[Fri Nov  3 02:22:32 2023]
rule mafft_align:
    input: Single_Copy_Orthologue_Sequences/OG0005960.fa
    output: mafft_aligned/OG0005960.alignment
    jobid: 16
    reason: Missing output files: mafft_aligned/OG0005960.alignment
    wildcards: sample=OG0005960
    threads: 10
    resources: tmpdir=/tmp

[Fri Nov  3 02:22:36 2023]
Finished job 16.
151 of 153 steps (99%) done
Select jobs to execute...

[Fri Nov  3 02:22:36 2023]
rule cat_align:
    input: mafft_aligned/OG0005921.alignment, mafft_aligned/OG0005923.alignment, mafft_aligned/OG0005924.alignment, mafft_aligned/OG0005929.alignment, mafft_aligned/OG0005931.alignment, mafft_aligned/OG0005935.alignment, mafft_aligned/OG0005942.alignment, mafft_aligned/OG0005948.alignment, mafft_aligned/OG0005949.alignment, mafft_aligned/OG0005950.alignment, mafft_aligned/OG0005953.alignment, mafft_aligned/OG0005956.alignment, mafft_aligned/OG0005957.alignment, mafft_aligned/OG0005958.alignment, mafft_aligned/OG0005960.alignment, mafft_aligned/OG0005962.alignment, mafft_aligned/OG0005965.alignment, mafft_aligned/OG0005966.alignment, mafft_aligned/OG0005967.alignment, mafft_aligned/OG0005969.alignment, mafft_aligned/OG0005972.alignment, mafft_aligned/OG0005974.alignment, mafft_aligned/OG0005976.alignment, mafft_aligned/OG0005977.alignment, mafft_aligned/OG0005987.alignment, mafft_aligned/OG0005988.alignment, mafft_aligned/OG0005990.alignment, mafft_aligned/OG0005992.alignment, mafft_aligned/OG0006001.alignment, mafft_aligned/OG0006002.alignment, mafft_aligned/OG0006009.alignment, mafft_aligned/OG0006010.alignment, mafft_aligned/OG0006011.alignment, mafft_aligned/OG0006016.alignment, mafft_aligned/OG0006021.alignment, mafft_aligned/OG0006023.alignment, mafft_aligned/OG0006024.alignment, mafft_aligned/OG0006026.alignment, mafft_aligned/OG0006030.alignment, mafft_aligned/OG0006031.alignment, mafft_aligned/OG0006032.alignment, mafft_aligned/OG0006033.alignment, mafft_aligned/OG0006037.alignment, mafft_aligned/OG0006039.alignment, mafft_aligned/OG0006041.alignment, mafft_aligned/OG0006043.alignment, mafft_aligned/OG0006044.alignment, mafft_aligned/OG0006048.alignment, mafft_aligned/OG0006050.alignment, mafft_aligned/OG0006053.alignment, mafft_aligned/OG0006054.alignment, mafft_aligned/OG0006056.alignment, mafft_aligned/OG0006057.alignment, mafft_aligned/OG0006062.alignment, mafft_aligned/OG0006063.alignment, mafft_aligned/OG0006064.alignment, mafft_aligned/OG0006067.alignment, mafft_aligned/OG0006068.alignment, mafft_aligned/OG0006069.alignment, mafft_aligned/OG0006074.alignment, mafft_aligned/OG0006075.alignment, mafft_aligned/OG0006076.alignment, mafft_aligned/OG0006077.alignment, mafft_aligned/OG0006078.alignment, mafft_aligned/OG0006079.alignment, mafft_aligned/OG0006084.alignment, mafft_aligned/OG0006086.alignment, mafft_aligned/OG0006090.alignment, mafft_aligned/OG0006094.alignment, mafft_aligned/OG0006097.alignment, mafft_aligned/OG0006102.alignment, mafft_aligned/OG0006109.alignment, mafft_aligned/OG0006111.alignment, mafft_aligned/OG0006112.alignment, mafft_aligned/OG0006114.alignment, mafft_aligned/OG0006115.alignment, mafft_aligned/OG0006118.alignment, mafft_aligned/OG0006119.alignment, mafft_aligned/OG0006122.alignment, mafft_aligned/OG0006123.alignment, mafft_aligned/OG0006126.alignment, mafft_aligned/OG0006128.alignment, mafft_aligned/OG0006129.alignment, mafft_aligned/OG0006130.alignment, mafft_aligned/OG0006134.alignment, mafft_aligned/OG0006135.alignment, mafft_aligned/OG0006136.alignment, mafft_aligned/OG0006140.alignment, mafft_aligned/OG0006141.alignment, mafft_aligned/OG0006146.alignment, mafft_aligned/OG0006147.alignment, mafft_aligned/OG0006148.alignment, mafft_aligned/OG0006150.alignment, mafft_aligned/OG0006154.alignment, mafft_aligned/OG0006157.alignment, mafft_aligned/OG0006159.alignment, mafft_aligned/OG0006166.alignment, mafft_aligned/OG0006171.alignment, mafft_aligned/OG0006179.alignment, mafft_aligned/OG0006181.alignment, mafft_aligned/OG0006185.alignment, mafft_aligned/OG0006186.alignment, mafft_aligned/OG0006187.alignment, mafft_aligned/OG0006189.alignment, mafft_aligned/OG0006191.alignment, mafft_aligned/OG0006197.alignment, mafft_aligned/OG0006202.alignment, mafft_aligned/OG0006204.alignment, mafft_aligned/OG0006205.alignment, mafft_aligned/OG0006206.alignment, mafft_aligned/OG0006213.alignment, mafft_aligned/OG0006216.alignment, mafft_aligned/OG0006221.alignment, mafft_aligned/OG0006225.alignment, mafft_aligned/OG0006226.alignment, mafft_aligned/OG0006228.alignment, mafft_aligned/OG0006229.alignment, mafft_aligned/OG0006231.alignment, mafft_aligned/OG0006232.alignment, mafft_aligned/OG0006233.alignment, mafft_aligned/OG0006236.alignment, mafft_aligned/OG0006238.alignment, mafft_aligned/OG0006244.alignment, mafft_aligned/OG0006248.alignment, mafft_aligned/OG0006249.alignment, mafft_aligned/OG0006251.alignment, mafft_aligned/OG0006255.alignment, mafft_aligned/OG0006258.alignment, mafft_aligned/OG0006260.alignment, mafft_aligned/OG0006261.alignment, mafft_aligned/OG0006269.alignment, mafft_aligned/OG0006270.alignment, mafft_aligned/OG0006277.alignment, mafft_aligned/OG0006278.alignment, mafft_aligned/OG0006280.alignment, mafft_aligned/OG0006286.alignment, mafft_aligned/OG0006288.alignment, mafft_aligned/OG0006289.alignment, mafft_aligned/OG0006295.alignment, mafft_aligned/OG0006299.alignment, mafft_aligned/OG0006301.alignment, mafft_aligned/OG0006303.alignment, mafft_aligned/OG0006304.alignment, mafft_aligned/OG0006305.alignment, mafft_aligned/OG0006311.alignment, mafft_aligned/OG0006313.alignment, mafft_aligned/OG0006322.alignment, mafft_aligned/OG0006324.alignment, mafft_aligned/OG0006326.alignment, mafft_aligned/OG0006327.alignment, mafft_aligned/OG0006330.alignment
    output: mafft_aligned/all.alignment
    jobid: 1
    reason: Missing output files: mafft_aligned/all.alignment; Input files updated by another job: mafft_aligned/OG0006277.alignment, mafft_aligned/OG0006269.alignment, mafft_aligned/OG0006086.alignment, mafft_aligned/OG0005962.alignment, mafft_aligned/OG0006079.alignment, mafft_aligned/OG0006260.alignment, mafft_aligned/OG0005950.alignment, mafft_aligned/OG0006009.alignment, mafft_aligned/OG0006213.alignment, mafft_aligned/OG0006032.alignment, mafft_aligned/OG0006258.alignment, mafft_aligned/OG0006278.alignment, mafft_aligned/OG0006041.alignment, mafft_aligned/OG0006056.alignment, mafft_aligned/OG0006115.alignment, mafft_aligned/OG0005958.alignment, mafft_aligned/OG0006251.alignment, mafft_aligned/OG0006001.alignment, mafft_aligned/OG0006069.alignment, mafft_aligned/OG0006030.alignment, mafft_aligned/OG0006299.alignment, mafft_aligned/OG0006048.alignment, mafft_aligned/OG0006280.alignment, mafft_aligned/OG0006146.alignment, mafft_aligned/OG0005921.alignment, mafft_aligned/OG0006109.alignment, mafft_aligned/OG0006122.alignment, mafft_aligned/OG0006231.alignment, mafft_aligned/OG0006202.alignment, mafft_aligned/OG0006063.alignment, mafft_aligned/OG0006044.alignment, mafft_aligned/OG0006129.alignment, mafft_aligned/OG0006134.alignment, mafft_aligned/OG0006067.alignment, mafft_aligned/OG0005976.alignment, mafft_aligned/OG0006031.alignment, mafft_aligned/OG0006053.alignment, mafft_aligned/OG0006037.alignment, mafft_aligned/OG0006075.alignment, mafft_aligned/OG0006141.alignment, mafft_aligned/OG0006186.alignment, mafft_aligned/OG0006191.alignment, mafft_aligned/OG0006236.alignment, mafft_aligned/OG0006301.alignment, mafft_aligned/OG0006327.alignment, mafft_aligned/OG0006181.alignment, mafft_aligned/OG0006090.alignment, mafft_aligned/OG0006261.alignment, mafft_aligned/OG0006204.alignment, mafft_aligned/OG0006062.alignment, mafft_aligned/OG0006232.alignment, mafft_aligned/OG0006248.alignment, mafft_aligned/OG0006033.alignment, mafft_aligned/OG0005953.alignment, mafft_aligned/OG0005988.alignment, mafft_aligned/OG0006016.alignment, mafft_aligned/OG0006189.alignment, mafft_aligned/OG0006154.alignment, mafft_aligned/OG0006171.alignment, mafft_aligned/OG0006185.alignment, mafft_aligned/OG0005949.alignment, mafft_aligned/OG0006002.alignment, mafft_aligned/OG0006304.alignment, mafft_aligned/OG0006187.alignment, mafft_aligned/OG0006123.alignment, mafft_aligned/OG0006179.alignment, mafft_aligned/OG0006074.alignment, mafft_aligned/OG0006221.alignment, mafft_aligned/OG0005969.alignment, mafft_aligned/OG0006039.alignment, mafft_aligned/OG0006054.alignment, mafft_aligned/OG0006026.alignment, mafft_aligned/OG0006229.alignment, mafft_aligned/OG0005974.alignment, mafft_aligned/OG0006023.alignment, mafft_aligned/OG0006326.alignment, mafft_aligned/OG0005923.alignment, mafft_aligned/OG0006136.alignment, mafft_aligned/OG0006289.alignment, mafft_aligned/OG0006064.alignment, mafft_aligned/OG0005965.alignment, mafft_aligned/OG0006119.alignment, mafft_aligned/OG0006216.alignment, mafft_aligned/OG0005972.alignment, mafft_aligned/OG0006111.alignment, mafft_aligned/OG0006147.alignment, mafft_aligned/OG0006226.alignment, mafft_aligned/OG0005956.alignment, mafft_aligned/OG0006068.alignment, mafft_aligned/OG0006157.alignment, mafft_aligned/OG0005967.alignment, mafft_aligned/OG0006150.alignment, mafft_aligned/OG0005992.alignment, mafft_aligned/OG0006330.alignment, mafft_aligned/OG0006010.alignment, mafft_aligned/OG0006078.alignment, mafft_aligned/OG0006102.alignment, mafft_aligned/OG0006249.alignment, mafft_aligned/OG0006311.alignment, mafft_aligned/OG0006159.alignment, mafft_aligned/OG0006076.alignment, mafft_aligned/OG0006043.alignment, mafft_aligned/OG0006077.alignment, mafft_aligned/OG0006126.alignment, mafft_aligned/OG0006205.alignment, mafft_aligned/OG0006206.alignment, mafft_aligned/OG0006021.alignment, mafft_aligned/OG0006084.alignment, mafft_aligned/OG0006024.alignment, mafft_aligned/OG0006238.alignment, mafft_aligned/OG0006305.alignment, mafft_aligned/OG0006011.alignment, mafft_aligned/OG0005987.alignment, mafft_aligned/OG0006118.alignment, mafft_aligned/OG0005924.alignment, mafft_aligned/OG0006094.alignment, mafft_aligned/OG0006255.alignment, mafft_aligned/OG0006130.alignment, mafft_aligned/OG0006288.alignment, mafft_aligned/OG0006197.alignment, mafft_aligned/OG0006313.alignment, mafft_aligned/OG0005966.alignment, mafft_aligned/OG0006140.alignment, mafft_aligned/OG0006228.alignment, mafft_aligned/OG0005960.alignment, mafft_aligned/OG0006233.alignment, mafft_aligned/OG0005990.alignment, mafft_aligned/OG0006135.alignment, mafft_aligned/OG0006166.alignment, mafft_aligned/OG0006286.alignment, mafft_aligned/OG0006148.alignment, mafft_aligned/OG0005957.alignment, mafft_aligned/OG0005929.alignment, mafft_aligned/OG0006097.alignment, mafft_aligned/OG0006322.alignment, mafft_aligned/OG0005935.alignment, mafft_aligned/OG0006303.alignment, mafft_aligned/OG0006324.alignment, mafft_aligned/OG0006225.alignment, mafft_aligned/OG0006270.alignment, mafft_aligned/OG0005977.alignment, mafft_aligned/OG0006050.alignment, mafft_aligned/OG0006128.alignment, mafft_aligned/OG0006295.alignment, mafft_aligned/OG0006244.alignment, mafft_aligned/OG0005948.alignment, mafft_aligned/OG0005931.alignment, mafft_aligned/OG0006057.alignment, mafft_aligned/OG0005942.alignment, mafft_aligned/OG0006114.alignment, mafft_aligned/OG0006112.alignment
    resources: tmpdir=/tmp

[Fri Nov  3 02:22:36 2023]
Finished job 1.
152 of 153 steps (99%) done
Select jobs to execute...

[Fri Nov  3 02:22:36 2023]
localrule all:
    input: mafft_aligned/all.alignment
    jobid: 0
    reason: Input files updated by another job: mafft_aligned/all.alignment
    resources: tmpdir=/tmp

[Fri Nov  3 02:22:36 2023]
Finished job 0.
153 of 153 steps (100%) done
Complete log: .snakemake/log/2023-11-03T022037.766154.snakemake.log
