Building DAG of jobs...
Using shell: /usr/bin/bash
Provided cores: 10
Rules claiming more threads will be scaled down.
Job stats:
job           count
----------  -------
all               1
trimal_run        1
total             2

Select jobs to execute...

[Fri Nov  3 02:41:43 2023]
rule trimal_run:
    input: mafft_aligned/all_alignment.phy
    output: singlescp_trimal.out
    jobid: 1
    reason: Missing output files: singlescp_trimal.out
    resources: tmpdir=/tmp

[Fri Nov  3 02:41:43 2023]
Finished job 1.
1 of 2 steps (50%) done
Select jobs to execute...

[Fri Nov  3 02:41:43 2023]
localrule all:
    input: singlescp_trimal.out
    jobid: 0
    reason: Input files updated by another job: singlescp_trimal.out
    resources: tmpdir=/tmp

[Fri Nov  3 02:41:43 2023]
Finished job 0.
2 of 2 steps (100%) done
Complete log: .snakemake/log/2023-11-03T024143.316077.snakemake.log
