Building DAG of jobs...
Using shell: /usr/bin/bash
Provided cores: 16
Rules claiming more threads will be scaled down.
Job stats:
job           count
----------  -------
all               1
iqtree_run        1
total             2

Select jobs to execute...

[Fri Nov  3 02:50:35 2023]
rule iqtree_run:
    input: singlescp_trimal.out
    output: all_amf.iqtree
    jobid: 1
    reason: Missing output files: all_amf.iqtree
    resources: tmpdir=/tmp

[Fri Nov  3 04:45:49 2023]
Finished job 1.
1 of 2 steps (50%) done
Select jobs to execute...

[Fri Nov  3 04:45:49 2023]
localrule all:
    input: all_amf.iqtree
    jobid: 0
    reason: Input files updated by another job: all_amf.iqtree
    resources: tmpdir=/tmp

[Fri Nov  3 04:45:49 2023]
Finished job 0.
2 of 2 steps (100%) done
Complete log: .snakemake/log/2023-11-03T025035.716219.snakemake.log
