Building DAG of jobs...
Using shell: /usr/bin/bash
Provided cores: 10
Rules claiming more threads will be scaled down.
Job stats:
job            count
-----------  -------
mafft_align        1
total              1

Select jobs to execute...

[Fri Nov  3 01:10:38 2023]
rule mafft_align:
    input: Single_Copy_Orthologue_Sequences/OG0005921.fa
    output: mafft_aligned/OG0005921.alignment
    jobid: 0
    reason: Missing output files: mafft_aligned/OG0005921.alignment
    wildcards: sample=OG0005921
    threads: 10
    resources: tmpdir=/tmp

[Fri Nov  3 01:10:39 2023]
Finished job 0.
1 of 1 steps (100%) done
Complete log: .snakemake/log/2023-11-03T011038.189245.snakemake.log
