Building DAG of jobs...
MissingInputException in rule cat_align in file /ssd1/franck_amfgenomes/Snakemake_wf/Snakefile, line 23:
Missing input files for rule cat_align:
    output: mafft_aligned/all.alignment
    affected files:
        OG0006001
        OG0006232
        OG0006126
        OG0005957
        OG0006102
        OG0005962
        OG0006002
        OG0006076
        OG0006326
        OG0006134
        OG0005977
        OG0006062
        OG0006213
        OG0006043
        OG0006197
        OG0006171
        OG0006159
        OG0006114
        OG0006054
        OG0006031
        OG0005935
        OG0005967
        OG0006305
        OG0006303
        OG0006128
        OG0006141
        OG0005958
        OG0006304
        OG0006166
        OG0006136
        OG0006313
        OG0006204
        OG0005948
        OG0006286
        OG0006226
        OG0006244
        OG0006084
        OG0006150
        OG0006233
        OG0006037
        OG0006086
        OG0006324
        OG0006157
        OG0006189
        OG0005960
        OG0006238
        OG0006288
        OG0005953
        OG0006011
        OG0006260
        OG0006057
        OG0006327
        OG0006109
        OG0006251
        OG0006301
        OG0005929
        OG0006216
        OG0006111
        OG0005972
        OG0005949
        OG0006269
        OG0006068
        OG0006122
        OG0006249
        OG0005924
        OG0006129
        OG0006097
        OG0005942
        OG0006206
        OG0005969
        OG0006026
        OG0006299
        OG0006069
        OG0006231
        OG0006277
        OG0006064
        OG0006311
        OG0005950
        OG0006050
        OG0006154
        OG0006009
        OG0006033
        OG0006094
        OG0005923
        OG0006187
        OG0006229
        OG0005966
        OG0005992
        OG0006053
        OG0006278
        OG0006135
        OG0006255
        OG0006048
        OG0006330
        OG0006146
        OG0006090
        OG0006123
        OG0006261
        OG0006148
        OG0005921
        OG0006225
        OG0006289
        OG0006140
        OG0006221
        OG0005988
        OG0006074
        OG0006077
        OG0006280
        OG0006179
        OG0006118
        OG0006023
        OG0006185
        OG0006010
        OG0006248
        OG0006039
        OG0006075
        OG0006295
        OG0005987
        OG0006044
        OG0006056
        OG0006191
        OG0006115
        OG0006016
        OG0006186
        OG0006181
        OG0006112
        OG0006119
        OG0006032
        OG0005990
        OG0006202
        OG0006322
        OG0006067
        OG0005956
        OG0006205
        OG0006079
        OG0006228
        OG0005965
        OG0006024
        OG0006147
        OG0006236
        OG0005931
        OG0006130
        OG0006258
        OG0006041
        OG0006030
        OG0005974
        OG0006078
        OG0006270
        OG0006063
        OG0006021
        OG0005976
