Building DAG of jobs...
MissingInputException in rule cat_align in file /ssd1/franck_amfgenomes/Snakemake_wf/Snakefile, line 19:
Missing input files for rule cat_align:
    output: mafft_aligned/all.alignment
    affected files:
        mafft_aligned/OG0006326.alignment
        mafft_aligned/OG0005942.alignment
        mafft_aligned/OG0006078.alignment
        mafft_aligned/OG0006251.alignment
        mafft_aligned/OG0006112.alignment
        mafft_aligned/OG0006330.alignment
        mafft_aligned/OG0006261.alignment
        mafft_aligned/OG0006069.alignment
        mafft_aligned/OG0006123.alignment
        mafft_aligned/OG0006033.alignment
        mafft_aligned/OG0006026.alignment
        mafft_aligned/OG0006062.alignment
        mafft_aligned/OG0006236.alignment
        mafft_aligned/OG0005962.alignment
        mafft_aligned/OG0006009.alignment
        mafft_aligned/OG0006232.alignment
        mafft_aligned/OG0005960.alignment
        mafft_aligned/OG0006305.alignment
        mafft_aligned/OG0006075.alignment
        mafft_aligned/OG0005935.alignment
        mafft_aligned/OG0005953.alignment
        mafft_aligned/OG0006166.alignment
        mafft_aligned/OG0006221.alignment
        mafft_aligned/OG0006238.alignment
        mafft_aligned/OG0006135.alignment
        mafft_aligned/OG0005988.alignment
        mafft_aligned/OG0006244.alignment
        mafft_aligned/OG0006032.alignment
        mafft_aligned/OG0005987.alignment
        mafft_aligned/OG0006197.alignment
        mafft_aligned/OG0005948.alignment
        mafft_aligned/OG0006114.alignment
        mafft_aligned/OG0006023.alignment
        mafft_aligned/OG0005965.alignment
        mafft_aligned/OG0006304.alignment
        mafft_aligned/OG0005931.alignment
        mafft_aligned/OG0006056.alignment
        mafft_aligned/OG0006043.alignment
        mafft_aligned/OG0006076.alignment
        mafft_aligned/OG0006097.alignment
        mafft_aligned/OG0006157.alignment
        mafft_aligned/OG0006024.alignment
        mafft_aligned/OG0006094.alignment
        mafft_aligned/OG0006122.alignment
        mafft_aligned/OG0006295.alignment
        mafft_aligned/OG0006206.alignment
        mafft_aligned/OG0005957.alignment
        mafft_aligned/OG0006313.alignment
        mafft_aligned/OG0006109.alignment
        mafft_aligned/OG0005921.alignment
        mafft_aligned/OG0006068.alignment
        mafft_aligned/OG0006191.alignment
        mafft_aligned/OG0006146.alignment
        mafft_aligned/OG0006258.alignment
        mafft_aligned/OG0006213.alignment
        mafft_aligned/OG0006159.alignment
        mafft_aligned/OG0006053.alignment
        mafft_aligned/OG0006010.alignment
        mafft_aligned/OG0005950.alignment
        mafft_aligned/OG0006057.alignment
        mafft_aligned/OG0005958.alignment
        mafft_aligned/OG0006129.alignment
        mafft_aligned/OG0006228.alignment
        mafft_aligned/OG0006079.alignment
        mafft_aligned/OG0006171.alignment
        mafft_aligned/OG0006141.alignment
        mafft_aligned/OG0006030.alignment
        mafft_aligned/OG0006270.alignment
        mafft_aligned/OG0006327.alignment
        mafft_aligned/OG0006226.alignment
        mafft_aligned/OG0006147.alignment
        mafft_aligned/OG0005974.alignment
        mafft_aligned/OG0006301.alignment
        mafft_aligned/OG0006148.alignment
        mafft_aligned/OG0006277.alignment
        mafft_aligned/OG0006248.alignment
        mafft_aligned/OG0006185.alignment
        mafft_aligned/OG0006202.alignment
        mafft_aligned/OG0006016.alignment
        mafft_aligned/OG0006077.alignment
        mafft_aligned/OG0006154.alignment
        mafft_aligned/OG0006255.alignment
        mafft_aligned/OG0006136.alignment
        mafft_aligned/OG0006186.alignment
        mafft_aligned/OG0006205.alignment
        mafft_aligned/OG0006229.alignment
        mafft_aligned/OG0006216.alignment
        mafft_aligned/OG0006031.alignment
        mafft_aligned/OG0006086.alignment
        mafft_aligned/OG0006021.alignment
        mafft_aligned/OG0006119.alignment
        mafft_aligned/OG0005929.alignment
        mafft_aligned/OG0006048.alignment
        mafft_aligned/OG0006269.alignment
        mafft_aligned/OG0006118.alignment
        mafft_aligned/OG0006134.alignment
        mafft_aligned/OG0006054.alignment
        mafft_aligned/OG0005992.alignment
        mafft_aligned/OG0006063.alignment
        mafft_aligned/OG0006064.alignment
        mafft_aligned/OG0006286.alignment
        mafft_aligned/OG0006140.alignment
        mafft_aligned/OG0006260.alignment
        mafft_aligned/OG0006303.alignment
        mafft_aligned/OG0006102.alignment
        mafft_aligned/OG0006181.alignment
        mafft_aligned/OG0006128.alignment
        mafft_aligned/OG0006231.alignment
        mafft_aligned/OG0006067.alignment
        mafft_aligned/OG0005956.alignment
        mafft_aligned/OG0006299.alignment
        mafft_aligned/OG0006111.alignment
        mafft_aligned/OG0005969.alignment
        mafft_aligned/OG0006011.alignment
        mafft_aligned/OG0005990.alignment
        mafft_aligned/OG0006187.alignment
        mafft_aligned/OG0006278.alignment
        mafft_aligned/OG0006150.alignment
        mafft_aligned/OG0006324.alignment
        mafft_aligned/OG0006179.alignment
        mafft_aligned/OG0006090.alignment
        mafft_aligned/OG0006189.alignment
        mafft_aligned/OG0005977.alignment
        mafft_aligned/OG0005972.alignment
        mafft_aligned/OG0006280.alignment
        mafft_aligned/OG0006041.alignment
        mafft_aligned/OG0006204.alignment
        mafft_aligned/OG0006249.alignment
        mafft_aligned/OG0005966.alignment
        mafft_aligned/OG0005923.alignment
        mafft_aligned/OG0006322.alignment
        mafft_aligned/OG0006039.alignment
        mafft_aligned/OG0006233.alignment
        mafft_aligned/OG0006225.alignment
        mafft_aligned/OG0006289.alignment
        mafft_aligned/OG0006001.alignment
        mafft_aligned/OG0005967.alignment
        mafft_aligned/OG0006084.alignment
        mafft_aligned/OG0006037.alignment
        mafft_aligned/OG0005924.alignment
        mafft_aligned/OG0005976.alignment
        mafft_aligned/OG0006115.alignment
        mafft_aligned/OG0005949.alignment
        mafft_aligned/OG0006050.alignment
        mafft_aligned/OG0006074.alignment
        mafft_aligned/OG0006288.alignment
        mafft_aligned/OG0006126.alignment
        mafft_aligned/OG0006311.alignment
        mafft_aligned/OG0006130.alignment
        mafft_aligned/OG0006002.alignment
        mafft_aligned/OG0006044.alignment
