Building DAG of jobs...
MissingInputException in rule cat_align in file /ssd1/franck_amfgenomes/Snakemake_wf/Snakefile, line 23:
Missing input files for rule cat_align:
    output: mafft_aligned/all.alignment
    affected files:
        OG0006251.alignment
        OG0006140.alignment
        OG0005931.alignment
        OG0005921.alignment
        OG0005972.alignment
        OG0006225.alignment
        OG0006303.alignment
        OG0006248.alignment
        OG0006090.alignment
        OG0006077.alignment
        OG0006122.alignment
        OG0006126.alignment
        OG0005966.alignment
        OG0006112.alignment
        OG0006032.alignment
        OG0006086.alignment
        OG0006324.alignment
        OG0005958.alignment
        OG0006330.alignment
        OG0006255.alignment
        OG0006039.alignment
        OG0006228.alignment
        OG0006026.alignment
        OG0006244.alignment
        OG0006185.alignment
        OG0006229.alignment
        OG0005990.alignment
        OG0006299.alignment
        OG0006304.alignment
        OG0006326.alignment
        OG0006030.alignment
        OG0006078.alignment
        OG0006079.alignment
        OG0006135.alignment
        OG0006136.alignment
        OG0006064.alignment
        OG0005967.alignment
        OG0006010.alignment
        OG0006130.alignment
        OG0005977.alignment
        OG0005935.alignment
        OG0006216.alignment
        OG0006286.alignment
        OG0006166.alignment
        OG0006202.alignment
        OG0006157.alignment
        OG0006023.alignment
        OG0006037.alignment
        OG0006050.alignment
        OG0006094.alignment
        OG0006278.alignment
        OG0006041.alignment
        OG0006327.alignment
        OG0005953.alignment
        OG0005992.alignment
        OG0006109.alignment
        OG0006221.alignment
        OG0005962.alignment
        OG0005957.alignment
        OG0006067.alignment
        OG0006044.alignment
        OG0006260.alignment
        OG0006238.alignment
        OG0005987.alignment
        OG0006031.alignment
        OG0005969.alignment
        OG0005948.alignment
        OG0006186.alignment
        OG0005924.alignment
        OG0006231.alignment
        OG0006213.alignment
        OG0006111.alignment
        OG0006128.alignment
        OG0006204.alignment
        OG0006076.alignment
        OG0006054.alignment
        OG0006115.alignment
        OG0006001.alignment
        OG0005949.alignment
        OG0006009.alignment
        OG0006258.alignment
        OG0006146.alignment
        OG0006084.alignment
        OG0006191.alignment
        OG0006053.alignment
        OG0006119.alignment
        OG0006311.alignment
        OG0006313.alignment
        OG0006016.alignment
        OG0005965.alignment
        OG0006002.alignment
        OG0005923.alignment
        OG0005974.alignment
        OG0006134.alignment
        OG0006150.alignment
        OG0006033.alignment
        OG0005956.alignment
        OG0006249.alignment
        OG0006280.alignment
        OG0006102.alignment
        OG0005950.alignment
        OG0006118.alignment
        OG0006277.alignment
        OG0006305.alignment
        OG0005929.alignment
        OG0006075.alignment
        OG0006159.alignment
        OG0006011.alignment
        OG0006270.alignment
        OG0006021.alignment
        OG0005960.alignment
        OG0006057.alignment
        OG0006056.alignment
        OG0006129.alignment
        OG0006288.alignment
        OG0006043.alignment
        OG0006187.alignment
        OG0005942.alignment
        OG0006123.alignment
        OG0006233.alignment
        OG0006179.alignment
        OG0006206.alignment
        OG0005976.alignment
        OG0006147.alignment
        OG0006074.alignment
        OG0006205.alignment
        OG0006141.alignment
        OG0006024.alignment
        OG0006189.alignment
        OG0006295.alignment
        OG0006232.alignment
        OG0006236.alignment
        OG0006181.alignment
        OG0006171.alignment
        OG0005988.alignment
        OG0006063.alignment
        OG0006301.alignment
        OG0006269.alignment
        OG0006226.alignment
        OG0006289.alignment
        OG0006148.alignment
        OG0006069.alignment
        OG0006322.alignment
        OG0006261.alignment
        OG0006154.alignment
        OG0006062.alignment
        OG0006097.alignment
        OG0006068.alignment
        OG0006048.alignment
        OG0006197.alignment
        OG0006114.alignment
