Building DAG of jobs...
Using shell: /usr/bin/bash
Provided cores: 16
Rules claiming more threads will be scaled down.
Job stats:
job                count
---------------  -------
all                    1
move_iqtree_run        1
total                  2

Select jobs to execute...

[Fri Nov  3 15:49:28 2023]
rule move_iqtree_run:
    input: all_amf.iqtree
    output: iqtree/.
    jobid: 1
    reason: Missing output files: iqtree/.
    resources: tmpdir=/tmp

ImproperOutputException in rule move_iqtree_run in file /ssd1/franck_amfgenomes/Snakemake_wf/Snakefile, line 48:
Outputs of incorrect type (directories when expecting files or vice versa). Output directories must be flagged with directory(). for rule move_iqtree_run:
    output: iqtree/.
    affected files:
        iqtree/.
Removing output files of failed job move_iqtree_run since they might be corrupted:
iqtree/.
[Errno 22] Invalid argument: 'iqtree/.'
Shutting down, this might take some time.
Exiting because a job execution failed. Look above for error message
Complete log: .snakemake/log/2023-11-03T154928.509888.snakemake.log
