Building DAG of jobs...
Using shell: /usr/bin/bash
Provided cores: 10
Rules claiming more threads will be scaled down.
Job stats:
job           count
----------  -------
all               1
trimal_run        1
total             2

Select jobs to execute...

[Fri Nov  3 02:40:46 2023]
rule trimal_run:
    input: mafft_aligned/all_alignment.phy
    output: singlescp_trimal.out
    jobid: 1
    reason: Missing output files: singlescp_trimal.out
    resources: tmpdir=/tmp

[Fri Nov  3 02:40:46 2023]
Error in rule trimal_run:
    jobid: 1
    input: mafft_aligned/all_alignment.phy
    output: singlescp_trimal.out
    shell:
        trimal -in mafft_aligned/all_alignment.phy -phylip -out singlescp_trimal.out -gt 0.9
        (one of the commands exited with non-zero exit code; note that snakemake uses bash strict mode!)

Shutting down, this might take some time.
Exiting because a job execution failed. Look above for error message
Complete log: .snakemake/log/2023-11-03T024046.842986.snakemake.log
